#
# A fatal error has been detected by the Java Runtime Environment:
#
#  SIGSEGV (0xb) at pc=0x000000010681edc0, pid=1038, tid=0x0000000000005303
#
# JRE version: OpenJDK Runtime Environment (8.0_152-b06) (build 1.8.0_152-release-1136-b06)
# Java VM: OpenJDK 64-Bit Server VM (25.152-b06 mixed mode bsd-amd64 compressed oops)
# Problematic frame:
# V  [libjvm.dylib+0x41edc0]  SpaceManager::dec_total_from_size_metrics()+0xe
#
# Failed to write core dump. Core dumps have been disabled. To enable core dumping, try "ulimit -c unlimited" before starting Java again
#
# If you would like to submit a bug report, please visit:
#   http://bugreport.java.com/bugreport/crash.jsp
#

---------------  T H R E A D  ---------------

Current thread (0x00007fbc7a848800):  VMThread [stack: 0x0000700007ae8000,0x0000700007be8000] [id=21251]

siginfo: si_signo: 11 (SIGSEGV), si_code: 0 (unknown), si_addr: 0x0000000000000000

Registers:
RAX=0x0000000000000001, RBX=0x00007fbc78e06c40, RCX=0x0000000000000000, RDX=0x0000000000000000
RSP=0x0000700007be77a0, RBP=0x0000700007be77d0, RSI=0x00007fbc7a848800, RDI=0x16a5d8357fa01c20
R8 =0x0000000000000001, R9 =0x0000000106c2bdb0, R10=0x0000000106c2752b, R11=0x0000000000000013
R12=0x00007fbc78f02f30, R13=0x0000000000000000, R14=0x00007fbc7fa01150, R15=0x16a5d8357fa01c20
RIP=0x000000010681edc0, EFLAGS=0x0000000000010202, ERR=0x0000000000000000
  TRAPNO=0x000000000000000d

Top of Stack: (sp=0x0000700007be77a0)
0x0000700007be77a0:   0000000000000001 00007fbc78e06c40
0x0000700007be77b0:   00007fbc78f02f30 0000000000000000
0x0000700007be77c0:   00007fbc7fa01150 16a5d8357fa01c20
0x0000700007be77d0:   0000700007be7810 000000010681eedb
0x0000700007be77e0:   00007fbc78e06c40 16a5d8357fa01c20
0x0000700007be77f0:   00007fbc78f02f30 0000000000000000
0x0000700007be7800:   00007fbc7fa01150 00007fbc78f03550
0x0000700007be7810:   0000700007be7830 0000000106820398
0x0000700007be7820:   00007fbc7fa01150 00007fbc7fa01710
0x0000700007be7830:   0000700007be7850 0000000106581e69
0x0000700007be7840:   00007fbc7fa01710 00007fbc7fa01900
0x0000700007be7850:   0000700007be7870 0000000106582cca
0x0000700007be7860:   00007fbc78f03180 00007fbc78f03501
0x0000700007be7870:   0000700007be78e0 000000010689a4aa
0x0000700007be7880:   00000001069d7d58 0000000106c20100
0x0000700007be7890:   0000000106c2c978 000005d94ba9f836
0x0000700007be78a0:   0000000760000000 0000000008000000
0x0000700007be78b0:   000005d94b8d8715 0000000000000000
0x0000700007be78c0:   0000000000000000 00007fbc78d0d500
0x0000700007be78d0:   0000000000000000 0000700007be79d0
0x0000700007be78e0:   0000700007be7b40 000000010689b838
0x0000700007be78f0:   00007fbc78f00100 0000000000000000
0x0000700007be7900:   0000000000000000 0000000000000000
0x0000700007be7910:   00007fbc78f011b0 000005d90ed4e100
0x0000700007be7920:   0000700007be7a88 00007fbc78f00100
0x0000700007be7930:   0000000000000000 0000000000000000
0x0000700007be7940:   00007fbc78f0d580 00007fbc78f067d0
0x0000700007be7950:   00007fbc78f067e0 00007fbc78f06bb8
0x0000700007be7960:   00000000000003d8 00007fbc7a848800
0x0000700007be7970:   00007fbc78f0da00 00007fbc78f0da40
0x0000700007be7980:   00007fbc78f0da50 00007fbc78f0db28
0x0000700007be7990:   00000000000000d8 0000700007be7cc8 

Instructions: (pc=0x000000010681edc0)
0x000000010681eda0:   80 e2 01 08 ca 80 fa 00 74 01 f0 48 0f c1 30 5d
0x000000010681edb0:   c3 90 55 48 89 e5 41 57 41 56 41 55 41 54 53 50
0x000000010681edc0:   48 8b 47 40 8b 4f 08 48 8d 15 d2 ca 40 00 48 29
0x000000010681edd0:   04 ca 31 db 31 c0 48 2b 47 38 8b 4f 08 48 8d 15 

Register to memory mapping:

RAX=0x0000000000000001 is an unknown value
RBX=0x00007fbc78e06c40 is an unknown value
RCX=0x0000000000000000 is an unknown value
RDX=0x0000000000000000 is an unknown value
RSP=0x0000700007be77a0 is an unknown value
RBP=0x0000700007be77d0 is an unknown value
RSI=0x00007fbc7a848800 is an unknown value
RDI=0x16a5d8357fa01c20 is an unknown value
R8 =0x0000000000000001 is an unknown value
R9 =0x0000000106c2bdb0: _ZN2os16_processor_countE+0 in /Applications/Android Studio.app/Contents/jre/jdk/Contents/Home/jre/lib/server/libjvm.dylib at 0x0000000106400000
R10=0x0000000106c2752b: AssumeMP+0 in /Applications/Android Studio.app/Contents/jre/jdk/Contents/Home/jre/lib/server/libjvm.dylib at 0x0000000106400000
R11=0x0000000000000013 is an unknown value
R12=0x00007fbc78f02f30 is an unknown value
R13=0x0000000000000000 is an unknown value
R14=0x00007fbc7fa01150 is an unknown value
R15=0x16a5d8357fa01c20 is an unknown value


Stack: [0x0000700007ae8000,0x0000700007be8000],  sp=0x0000700007be77a0,  free space=1021k
Native frames: (J=compiled Java code, j=interpreted, Vv=VM code, C=native code)
V  [libjvm.dylib+0x41edc0]  SpaceManager::dec_total_from_size_metrics()+0xe
V  [libjvm.dylib+0x41eedb]  SpaceManager::~SpaceManager()+0x31
V  [libjvm.dylib+0x420398]  Metaspace::~Metaspace()+0x1a
V  [libjvm.dylib+0x181e69]  ClassLoaderData::~ClassLoaderData()+0x43
V  [libjvm.dylib+0x182cca]  ClassLoaderDataGraph::purge()+0x28
V  [libjvm.dylib+0x49a4aa]  PSParallelCompact::post_compact()+0x176
V  [libjvm.dylib+0x49b838]  PSParallelCompact::invoke_no_policy(bool)+0x434
V  [libjvm.dylib+0x49b3f2]  PSParallelCompact::invoke(bool)+0x5a
V  [libjvm.dylib+0x5716b5]  VM_ParallelGCSystemGC::doit()+0x67
V  [libjvm.dylib+0x581064]  VM_Operation::evaluate()+0x46
V  [libjvm.dylib+0x580a00]  VMThread::evaluate_operation(VM_Operation*)+0x146
V  [libjvm.dylib+0x58045e]  VMThread::loop()+0xc0
V  [libjvm.dylib+0x580293]  VMThread::run()+0x73
V  [libjvm.dylib+0x45fb89]  java_start(Thread*)+0xfa
C  [libsystem_pthread.dylib+0x36c1]  _pthread_body+0x154
C  [libsystem_pthread.dylib+0x356d]  _pthread_body+0x0
C  [libsystem_pthread.dylib+0x2c5d]  thread_start+0xd

VM_Operation (0x0000700008991838): ParallelGCSystemGC, mode: safepoint, requested by thread 0x00007fbc7a08d000


---------------  P R O C E S S  ---------------

Java Threads: ( => current thread )
  0x00007fbc7e555000 JavaThread "RMI RenewClean-[127.0.0.1:49737,org.jetbrains.kotlin.daemon.common.LoopbackNetworkInterface$ClientLoopbackSocketFactory@dfb6078]" daemon [_thread_blocked, id=22819, stack(0x0000700008ea4000,0x0000700008fa4000)]
  0x00007fbc7f484800 JavaThread "RMI TCP Connection(65)-127.0.0.1" daemon [_thread_blocked, id=4643, stack(0x0000700008da1000,0x0000700008ea1000)]
  0x00007fbc7a9cc000 JavaThread "RMI RenewClean-[127.0.0.1:49737,org.jetbrains.kotlin.daemon.common.LoopbackNetworkInterface$ClientLoopbackSocketFactory@32f94edf]" daemon [_thread_blocked, id=16399, stack(0x0000700008b9b000,0x0000700008c9b000)]
  0x00007fbc7f7f7800 JavaThread "RMI TCP Connection(64)-127.0.0.1" daemon [_thread_in_native, id=24075, stack(0x0000700008995000,0x0000700008a95000)]
  0x00007fbc7bf8e800 JavaThread "RMI TCP Connection(63)-127.0.0.1" daemon [_thread_in_native, id=15399, stack(0x000070000868c000,0x000070000878c000)]
  0x00007fbc79d0f800 JavaThread "RMI RenewClean-[127.0.0.1:49737,org.jetbrains.kotlin.daemon.common.LoopbackNetworkInterface$ClientLoopbackSocketFactory@308aa397]" daemon [_thread_blocked, id=43283, stack(0x0000700008fa7000,0x00007000090a7000)]
  0x00007fbc79b80800 JavaThread "RMI RenewClean-[127.0.0.1:49737,org.jetbrains.kotlin.daemon.common.LoopbackNetworkInterface$ClientLoopbackSocketFactory@266fcce7]" daemon [_thread_blocked, id=23563, stack(0x0000700008c9e000,0x0000700008d9e000)]
  0x00007fbc7f7f6000 JavaThread "RMI RenewClean-[127.0.0.1:49737,org.jetbrains.kotlin.daemon.common.LoopbackNetworkInterface$ClientLoopbackSocketFactory@11493ca7]" daemon [_thread_blocked, id=23303, stack(0x00007000090aa000,0x00007000091aa000)]
  0x00007fbc790d3000 JavaThread "RMI Scheduler(0)" daemon [_thread_blocked, id=43011, stack(0x0000700008a98000,0x0000700008b98000)]
  0x00007fbc7a801000 JavaThread "DestroyJavaVM" [_thread_blocked, id=9987, stack(0x00007000075d9000,0x00007000076d9000)]
  0x00007fbc7a08d000 JavaThread "GC Daemon" daemon [_thread_blocked, id=16131, stack(0x0000700008892000,0x0000700008992000)]
  0x00007fbc7a9b5000 JavaThread "RMI Reaper" [_thread_blocked, id=15619, stack(0x000070000878f000,0x000070000888f000)]
  0x00007fbc79155000 JavaThread "Timer-0" daemon [_thread_blocked, id=15107, stack(0x0000700008589000,0x0000700008689000)]
  0x00007fbc790cc800 JavaThread "RMI TCP Accept-17983" daemon [_thread_in_native, id=16899, stack(0x0000700008486000,0x0000700008586000)]
  0x00007fbc79815000 JavaThread "Service Thread" daemon [_thread_blocked, id=17411, stack(0x0000700008280000,0x0000700008380000)]
  0x00007fbc79050000 JavaThread "C1 CompilerThread2" daemon [_thread_blocked, id=17667, stack(0x000070000817d000,0x000070000827d000)]
  0x00007fbc79039000 JavaThread "C2 CompilerThread1" daemon [_thread_blocked, id=17923, stack(0x000070000807a000,0x000070000817a000)]
  0x00007fbc7904e800 JavaThread "C2 CompilerThread0" daemon [_thread_blocked, id=13571, stack(0x0000700007f77000,0x0000700008077000)]
  0x00007fbc7a00c000 JavaThread "Signal Dispatcher" daemon [_thread_blocked, id=13063, stack(0x0000700007e74000,0x0000700007f74000)]
  0x00007fbc7901d000 JavaThread "Finalizer" daemon [_thread_blocked, id=20227, stack(0x0000700007cee000,0x0000700007dee000)]
  0x00007fbc7980e000 JavaThread "Reference Handler" daemon [_thread_blocked, id=20739, stack(0x0000700007beb000,0x0000700007ceb000)]

Other Threads:
=>0x00007fbc7a848800 VMThread [stack: 0x0000700007ae8000,0x0000700007be8000] [id=21251]
  0x00007fbc79050800 WatcherThread [stack: 0x0000700008383000,0x0000700008483000] [id=14339]

VM state:at safepoint (normal execution)

VM Mutex/Monitor currently owned by a thread:  ([mutex/lock_event])
[0x00007fbc78d07ba0] Threads_lock - owner thread: 0x00007fbc7a848800
[0x00007fbc78d080a0] Heap_lock - owner thread: 0x00007fbc7a08d000

Heap:
 PSYoungGen      total 384512K, used 0K [0x00000007a0000000, 0x00000007bf580000, 0x00000007c0000000)
  eden space 263680K, 0% used [0x00000007a0000000,0x00000007a0000000,0x00000007b0180000)
  from space 120832K, 0% used [0x00000007b7f80000,0x00000007b7f80000,0x00000007bf580000)
  to   space 124928K, 0% used [0x00000007b0180000,0x00000007b0180000,0x00000007b7b80000)
 ParOldGen       total 284672K, used 92258K [0x0000000760000000, 0x0000000771600000, 0x00000007a0000000)
  object space 284672K, 32% used [0x0000000760000000,0x0000000765a18978,0x0000000771600000)
 Metaspace       used 162573K, capacity 168548K, committed 221952K, reserved 1243136K
  class space    used 20409K, capacity 21627K, committed 28928K, reserved 1048576K

Card table byte_map: [0x00000001072e1000,0x00000001075e2000] byte_map_base: 0x00000001037e1000

Marking Bits: (ParMarkBitMap*) 0x0000000106c2c8f8
 Begin Bits: [0x00000001190e8000, 0x000000011a8e8000)
 End Bits:   [0x000000011a8e8000, 0x000000011c0e8000)

Polling page: 0x0000000105bfe000

CodeCache: size=245760Kb used=64709Kb max_used=64709Kb free=181050Kb
 bounds [0x000000010a0e8000, 0x000000010e068000, 0x00000001190e8000]
 total_blobs=19912 nmethods=19322 adapters=501
 compilation: enabled

Compilation events (10 events):
Event: 6429.478 Thread 0x00007fbc79050000 24288       1       com.google.common.base.Absent::isPresent (2 bytes)
Event: 6429.478 Thread 0x00007fbc79050000 nmethod 24288 0x000000010e0653d0 code [0x000000010e065520, 0x000000010e065630]
Event: 6429.478 Thread 0x00007fbc79050000 24290       1       com.google.common.collect.LinkedHashMultimap::access$300 (5 bytes)
Event: 6429.478 Thread 0x00007fbc79050000 nmethod 24290 0x000000010e065690 code [0x000000010e0657e0, 0x000000010e0658d0]
Event: 6429.478 Thread 0x00007fbc79050000 24291       3       com.google.common.base.Preconditions::checkNotNull (14 bytes)
Event: 6429.479 Thread 0x00007fbc79050000 nmethod 24291 0x000000010e065950 code [0x000000010e065ac0, 0x000000010e065ce8]
Event: 6429.479 Thread 0x00007fbc79050000 24292       1       com.google.common.collect.LinkedHashMultimap$ValueSet::access$100 (5 bytes)
Event: 6429.479 Thread 0x00007fbc79050000 nmethod 24292 0x000000010e065dd0 code [0x000000010e065f20, 0x000000010e066010]
Event: 6429.479 Thread 0x00007fbc79050000 24293       1       android.arch.persistence.room.vo.Field::getType (5 bytes)
Event: 6429.479 Thread 0x00007fbc79050000 nmethod 24293 0x000000010e066090 code [0x000000010e0661e0, 0x000000010e0662f0]

GC Heap History (10 events):
Event: 2921.163 GC heap after
Heap after GC invocations=38 (full 6):
 PSYoungGen      total 384000K, used 85129K [0x00000007a0000000, 0x00000007c0000000, 0x00000007c0000000)
  eden space 253440K, 0% used [0x00000007a0000000,0x00000007a0000000,0x00000007af780000)
  from space 130560K, 65% used [0x00000007b7a00000,0x00000007bcd22440,0x00000007bf980000)
  to   space 133632K, 0% used [0x00000007af780000,0x00000007af780000,0x00000007b7a00000)
 ParOldGen       total 284672K, used 142225K [0x0000000760000000, 0x0000000771600000, 0x00000007a0000000)
  object space 284672K, 49% used [0x0000000760000000,0x0000000768ae4480,0x0000000771600000)
 Metaspace       used 190994K, capacity 197564K, committed 197760K, reserved 1220608K
  class space    used 24220K, capacity 25565K, committed 25728K, reserved 1048576K
}
Event: 3002.796 GC heap before
{Heap before GC invocations=39 (full 6):
 PSYoungGen      total 384000K, used 338569K [0x00000007a0000000, 0x00000007c0000000, 0x00000007c0000000)
  eden space 253440K, 100% used [0x00000007a0000000,0x00000007af780000,0x00000007af780000)
  from space 130560K, 65% used [0x00000007b7a00000,0x00000007bcd22440,0x00000007bf980000)
  to   space 133632K, 0% used [0x00000007af780000,0x00000007af780000,0x00000007b7a00000)
 ParOldGen       total 284672K, used 142225K [0x0000000760000000, 0x0000000771600000, 0x00000007a0000000)
  object space 284672K, 49% used [0x0000000760000000,0x0000000768ae4480,0x0000000771600000)
 Metaspace       used 191715K, capacity 198464K, committed 198656K, reserved 1222656K
  class space    used 24297K, capacity 25677K, committed 25856K, reserved 1048576K
Event: 3002.879 GC heap after
Heap after GC invocations=39 (full 6):
 PSYoungGen      total 387072K, used 40186K [0x00000007a0000000, 0x00000007bfb00000, 0x00000007c0000000)
  eden space 253440K, 0% used [0x00000007a0000000,0x00000007a0000000,0x00000007af780000)
  from space 133632K, 30% used [0x00000007af780000,0x00000007b1ebeb38,0x00000007b7a00000)
  to   space 129536K, 0% used [0x00000007b7c80000,0x00000007b7c80000,0x00000007bfb00000)
 ParOldGen       total 284672K, used 165967K [0x0000000760000000, 0x0000000771600000, 0x00000007a0000000)
  object space 284672K, 58% used [0x0000000760000000,0x000000076a213d88,0x0000000771600000)
 Metaspace       used 191715K, capacity 198464K, committed 198656K, reserved 1222656K
  class space    used 24297K, capacity 25677K, committed 25856K, reserved 1048576K
}
Event: 3005.818 GC heap before
{Heap before GC invocations=40 (full 6):
 PSYoungGen      total 387072K, used 293626K [0x00000007a0000000, 0x00000007bfb00000, 0x00000007c0000000)
  eden space 253440K, 100% used [0x00000007a0000000,0x00000007af780000,0x00000007af780000)
  from space 133632K, 30% used [0x00000007af780000,0x00000007b1ebeb38,0x00000007b7a00000)
  to   space 129536K, 0% used [0x00000007b7c80000,0x00000007b7c80000,0x00000007bfb00000)
 ParOldGen       total 284672K, used 165967K [0x0000000760000000, 0x0000000771600000, 0x00000007a0000000)
  object space 284672K, 58% used [0x0000000760000000,0x000000076a213d88,0x0000000771600000)
 Metaspace       used 208422K, capacity 215768K, committed 216064K, reserved 1236992K
  class space    used 26562K, capacity 28047K, committed 28160K, reserved 1048576K
Event: 3005.986 GC heap after
Heap after GC invocations=40 (full 6):
 PSYoungGen      total 388096K, used 81819K [0x00000007a0000000, 0x00000007bff00000, 0x00000007c0000000)
  eden space 258560K, 0% used [0x00000007a0000000,0x00000007a0000000,0x00000007afc80000)
  from space 129536K, 63% used [0x00000007b7c80000,0x00000007bcc66ec8,0x00000007bfb00000)
  to   space 131072K, 0% used [0x00000007afc80000,0x00000007afc80000,0x00000007b7c80000)
 ParOldGen       total 284672K, used 204144K [0x0000000760000000, 0x0000000771600000, 0x00000007a0000000)
  object space 284672K, 71% used [0x0000000760000000,0x000000076c75c1e0,0x0000000771600000)
 Metaspace       used 208422K, capacity 215768K, committed 216064K, reserved 1236992K
  class space    used 26562K, capacity 28047K, committed 28160K, reserved 1048576K
}
Event: 5627.562 GC heap before
{Heap before GC invocations=41 (full 6):
 PSYoungGen      total 388096K, used 340379K [0x00000007a0000000, 0x00000007bff00000, 0x00000007c0000000)
  eden space 258560K, 100% used [0x00000007a0000000,0x00000007afc80000,0x00000007afc80000)
  from space 129536K, 63% used [0x00000007b7c80000,0x00000007bcc66ec8,0x00000007bfb00000)
  to   space 131072K, 0% used [0x00000007afc80000,0x00000007afc80000,0x00000007b7c80000)
 ParOldGen       total 284672K, used 204144K [0x0000000760000000, 0x0000000771600000, 0x00000007a0000000)
  object space 284672K, 71% used [0x0000000760000000,0x000000076c75c1e0,0x0000000771600000)
 Metaspace       used 208469K, capacity 215774K, committed 216064K, reserved 1236992K
  class space    used 26563K, capacity 28048K, committed 28160K, reserved 1048576K
Event: 5628.103 GC heap after
Heap after GC invocations=41 (full 6):
 PSYoungGen      total 389632K, used 30269K [0x00000007a0000000, 0x00000007bfd80000, 0x00000007c0000000)
  eden space 258560K, 0% used [0x00000007a0000000,0x00000007a0000000,0x00000007afc80000)
  from space 131072K, 23% used [0x00000007afc80000,0x00000007b1a0f670,0x00000007b7c80000)
  to   space 129024K, 0% used [0x00000007b7f80000,0x00000007b7f80000,0x00000007bfd80000)
 ParOldGen       total 284672K, used 224949K [0x0000000760000000, 0x0000000771600000, 0x00000007a0000000)
  object space 284672K, 79% used [0x0000000760000000,0x000000076dbad738,0x0000000771600000)
 Metaspace       used 208469K, capacity 215774K, committed 216064K, reserved 1236992K
  class space    used 26563K, capacity 28048K, committed 28160K, reserved 1048576K
}
Event: 6429.552 GC heap before
{Heap before GC invocations=42 (full 6):
 PSYoungGen      total 389632K, used 260572K [0x00000007a0000000, 0x00000007bfd80000, 0x00000007c0000000)
  eden space 258560K, 89% used [0x00000007a0000000,0x00000007ae0e7b18,0x00000007afc80000)
  from space 131072K, 23% used [0x00000007afc80000,0x00000007b1a0f670,0x00000007b7c80000)
  to   space 129024K, 0% used [0x00000007b7f80000,0x00000007b7f80000,0x00000007bfd80000)
 ParOldGen       total 284672K, used 224949K [0x0000000760000000, 0x0000000771600000, 0x00000007a0000000)
  object space 284672K, 79% used [0x0000000760000000,0x000000076dbad738,0x0000000771600000)
 Metaspace       used 214095K, capacity 221554K, committed 221952K, reserved 1243136K
  class space    used 27263K, capacity 28780K, committed 28928K, reserved 1048576K
Event: 6429.815 GC heap after
Heap after GC invocations=42 (full 6):
 PSYoungGen      total 384512K, used 39547K [0x00000007a0000000, 0x00000007bf580000, 0x00000007c0000000)
  eden space 263680K, 0% used [0x00000007a0000000,0x00000007a0000000,0x00000007b0180000)
  from space 120832K, 32% used [0x00000007b7f80000,0x00000007ba61ee70,0x00000007bf580000)
  to   space 124928K, 0% used [0x00000007b0180000,0x00000007b0180000,0x00000007b7b80000)
 ParOldGen       total 284672K, used 254838K [0x0000000760000000, 0x0000000771600000, 0x00000007a0000000)
  object space 284672K, 89% used [0x0000000760000000,0x000000076f8ddb68,0x0000000771600000)
 Metaspace       used 214095K, capacity 221554K, committed 221952K, reserved 1243136K
  class space    used 27263K, capacity 28780K, committed 28928K, reserved 1048576K
}
Event: 6429.815 GC heap before
{Heap before GC invocations=43 (full 7):
 PSYoungGen      total 384512K, used 39547K [0x00000007a0000000, 0x00000007bf580000, 0x00000007c0000000)
  eden space 263680K, 0% used [0x00000007a0000000,0x00000007a0000000,0x00000007b0180000)
  from space 120832K, 32% used [0x00000007b7f80000,0x00000007ba61ee70,0x00000007bf580000)
  to   space 124928K, 0% used [0x00000007b0180000,0x00000007b0180000,0x00000007b7b80000)
 ParOldGen       total 284672K, used 254838K [0x0000000760000000, 0x0000000771600000, 0x00000007a0000000)
  object space 284672K, 89% used [0x0000000760000000,0x000000076f8ddb68,0x0000000771600000)
 Metaspace       used 214095K, capacity 221554K, committed 221952K, reserved 1243136K
  class space    used 27263K, capacity 28780K, committed 28928K, reserved 1048576K

Deoptimization events (10 events):
Event: 6427.398 Thread 0x00007fbc7f7f7800 Uncommon trap: reason=class_check action=maybe_recompile pc=0x000000010cd149e0 method=org.jetbrains.kotlin.types.TypeUtils.contains(Lorg/jetbrains/kotlin/types/KotlinType;Lkotlin/jvm/functions/Function1;)Z @ 195
Event: 6427.568 Thread 0x00007fbc7f7f7800 Uncommon trap: reason=class_check action=maybe_recompile pc=0x000000010ce87cf4 method=org.jetbrains.kotlin.backend.common.bridges.DescriptorBasedFunctionHandle.<init>(Lorg/jetbrains/kotlin/descriptors/FunctionDescriptor;Lkotlin/jvm/functions/Function1;)V 
Event: 6427.568 Thread 0x00007fbc7f7f7800 Uncommon trap: reason=class_check action=maybe_recompile pc=0x000000010ce87cf4 method=org.jetbrains.kotlin.backend.common.bridges.DescriptorBasedFunctionHandle.<init>(Lorg/jetbrains/kotlin/descriptors/FunctionDescriptor;Lkotlin/jvm/functions/Function1;)V 
Event: 6427.575 Thread 0x00007fbc7f7f7800 Uncommon trap: reason=bimorphic action=maybe_recompile pc=0x000000010c5ef66c method=org.jetbrains.kotlin.resolve.MemberComparator$NameAndTypeMemberComparator.getDeclarationPriority(Lorg/jetbrains/kotlin/descriptors/DeclarationDescriptor;)I @ 31
Event: 6427.575 Thread 0x00007fbc7f7f7800 Uncommon trap: reason=bimorphic action=maybe_recompile pc=0x000000010c5ef66c method=org.jetbrains.kotlin.resolve.MemberComparator$NameAndTypeMemberComparator.getDeclarationPriority(Lorg/jetbrains/kotlin/descriptors/DeclarationDescriptor;)I @ 31
Event: 6427.575 Thread 0x00007fbc7f7f7800 Uncommon trap: reason=bimorphic action=maybe_recompile pc=0x000000010c5ef66c method=org.jetbrains.kotlin.resolve.MemberComparator$NameAndTypeMemberComparator.getDeclarationPriority(Lorg/jetbrains/kotlin/descriptors/DeclarationDescriptor;)I @ 31
Event: 6427.575 Thread 0x00007fbc7f7f7800 Uncommon trap: reason=predicate action=maybe_recompile pc=0x000000010d2ca4fc method=org.jetbrains.kotlin.serialization.DescriptorSerializer.fillFromPossiblyInnerType(Lorg/jetbrains/kotlin/metadata/ProtoBuf$Type$Builder;Lorg/jetbrains/kotlin/descriptors/Po
Event: 6427.746 Thread 0x00007fbc7f7f7800 Uncommon trap: reason=unstable_if action=reinterpret pc=0x000000010c1d03c8 method=org.jetbrains.kotlin.gnu.trove.THashMap.put(Ljava/lang/Object;Ljava/lang/Object;)Ljava/lang/Object; @ 26
Event: 6427.802 Thread 0x00007fbc7f7f7800 Uncommon trap: reason=unstable_if action=reinterpret pc=0x000000010dcad4cc method=java.io.ObjectStreamClass.lookup(Ljava/lang/Class;Z)Ljava/io/ObjectStreamClass; @ 92
Event: 6429.254 Thread 0x00007fbc7f484800 Uncommon trap: reason=unstable_if action=reinterpret pc=0x000000010dbd64b8 method=org.sqlite.SQLiteJDBCLoader.contentsEquals(Ljava/io/InputStream;Ljava/io/InputStream;)Z @ 39

Classes redefined (0 events):
No events

Internal exceptions (10 events):
Event: 3173.864 Thread 0x00007fbc7ebbb000 Exception <a 'java/lang/InterruptedException'> (0x00000007ace0af60) thrown at [/Volumes/android/AOSP-openjdk-git/jdk8u/hotspot/src/share/vm/runtime/objectMonitor.cpp, line 1684]
Event: 6426.438 Thread 0x00007fbc7a9cc000 Exception <a 'java/lang/InterruptedException'> (0x00000007a10a5008) thrown at [/Volumes/android/AOSP-openjdk-git/jdk8u/hotspot/src/share/vm/runtime/objectMonitor.cpp, line 1684]
Event: 6426.533 Thread 0x00007fbc7f7f7800 Exception <a 'java/io/FileNotFoundException'> (0x00000007a12bcfd0) thrown at [/Volumes/android/AOSP-openjdk-git/jdk8u/hotspot/src/share/vm/prims/jni.cpp, line 709]
Event: 6426.537 Thread 0x00007fbc7f7f7800 Exception <a 'sun/nio/fs/UnixException'> (0x00000007a12be8a0) thrown at [/Volumes/android/AOSP-openjdk-git/jdk8u/hotspot/src/share/vm/prims/jni.cpp, line 709]
Event: 6426.540 Thread 0x00007fbc7f7f7800 Exception <a 'sun/nio/fs/UnixException'> (0x00000007a12c3958) thrown at [/Volumes/android/AOSP-openjdk-git/jdk8u/hotspot/src/share/vm/prims/jni.cpp, line 709]
Event: 6426.540 Thread 0x00007fbc7f7f7800 Exception <a 'java/io/FileNotFoundException'> (0x00000007a12c5070) thrown at [/Volumes/android/AOSP-openjdk-git/jdk8u/hotspot/src/share/vm/prims/jni.cpp, line 709]
Event: 6426.540 Thread 0x00007fbc7f7f7800 Exception <a 'java/io/FileNotFoundException'> (0x00000007a12c6a68) thrown at [/Volumes/android/AOSP-openjdk-git/jdk8u/hotspot/src/share/vm/prims/jni.cpp, line 709]
Event: 6426.637 Thread 0x00007fbc7f7f7800 Implicit null exception at 0x000000010ba5e11b to 0x000000010ba5f0c1
Event: 6426.794 Thread 0x00007fbc7f7f7800 Implicit null exception at 0x000000010c381bea to 0x000000010c381ce5
Event: 6428.047 Thread 0x00007fbc7e555000 Exception <a 'java/lang/InterruptedException'> (0x00000007a6c0e130) thrown at [/Volumes/android/AOSP-openjdk-git/jdk8u/hotspot/src/share/vm/runtime/objectMonitor.cpp, line 1684]

Events (10 events):
Event: 6429.546 loading class me/eugeniomarletti/kotlin/metadata/shadow/metadata/ProtoBuf$Contract done
Event: 6429.547 loading class me/eugeniomarletti/kotlin/metadata/shadow/metadata/ProtoBuf$ContractOrBuilder
Event: 6429.547 loading class me/eugeniomarletti/kotlin/metadata/shadow/metadata/ProtoBuf$ContractOrBuilder done
Event: 6429.548 loading class me/eugeniomarletti/kotlin/metadata/shadow/metadata/ProtoBuf$Contract$1
Event: 6429.548 loading class me/eugeniomarletti/kotlin/metadata/shadow/metadata/ProtoBuf$Contract$1 done
Event: 6429.549 loading class me/eugeniomarletti/kotlin/metadata/shadow/metadata/ProtoBuf$Property
Event: 6429.549 loading class me/eugeniomarletti/kotlin/metadata/shadow/metadata/ProtoBuf$Property done
Event: 6429.550 loading class me/eugeniomarletti/kotlin/metadata/shadow/metadata/ProtoBuf$PropertyOrBuilder
Event: 6429.550 loading class me/eugeniomarletti/kotlin/metadata/shadow/metadata/ProtoBuf$PropertyOrBuilder done
Event: 6429.551 Executing VM operation: ParallelGCSystemGC


Dynamic libraries:
0x0000000009b1c000 	/System/Library/Frameworks/Cocoa.framework/Versions/A/Cocoa
0x0000000009b1c000 	/System/Library/Frameworks/Security.framework/Versions/A/Security
0x0000000009b1c000 	/System/Library/Frameworks/ApplicationServices.framework/Versions/A/ApplicationServices
0x0000000009b1c000 	/usr/lib/libz.1.dylib
0x0000000009b1c000 	/usr/lib/libSystem.B.dylib
0x0000000009b1c000 	/System/Library/Frameworks/CoreFoundation.framework/Versions/A/CoreFoundation
0x0000000009b1c000 	/System/Library/Frameworks/Foundation.framework/Versions/C/Foundation
0x0000000009b1c000 	/usr/lib/libobjc.A.dylib
0x0000000009b1c000 	/System/Library/Frameworks/AppKit.framework/Versions/C/AppKit
0x0000000009b1c000 	/System/Library/Frameworks/CoreData.framework/Versions/A/CoreData
0x0000000009b1c000 	/System/Library/PrivateFrameworks/RemoteViewServices.framework/Versions/A/RemoteViewServices
0x0000000009b1c000 	/System/Library/PrivateFrameworks/UIFoundation.framework/Versions/A/UIFoundation
0x0000000009b1c000 	/System/Library/PrivateFrameworks/DFRFoundation.framework/Versions/A/DFRFoundation
0x0000000009b1c000 	/System/Library/Frameworks/Metal.framework/Versions/A/Metal
0x0000000009b1c000 	/System/Library/PrivateFrameworks/DesktopServicesPriv.framework/Versions/A/DesktopServicesPriv
0x0000000009b1c000 	/usr/lib/libenergytrace.dylib
0x0000000009b1c000 	/System/Library/PrivateFrameworks/SkyLight.framework/Versions/A/SkyLight
0x0000000009b1c000 	/System/Library/Frameworks/CoreGraphics.framework/Versions/A/CoreGraphics
0x0000000009b1c000 	/usr/lib/libScreenReader.dylib
0x0000000009b1c000 	/System/Library/Frameworks/Accelerate.framework/Versions/A/Accelerate
0x0000000009b1c000 	/System/Library/Frameworks/IOSurface.framework/Versions/A/IOSurface
0x0000000009b1c000 	/System/Library/Frameworks/AudioToolbox.framework/Versions/A/AudioToolbox
0x0000000009b1c000 	/System/Library/Frameworks/AudioUnit.framework/Versions/A/AudioUnit
0x0000000009b1c000 	/System/Library/PrivateFrameworks/DataDetectorsCore.framework/Versions/A/DataDetectorsCore
0x0000000009b1c000 	/System/Library/Frameworks/Carbon.framework/Versions/A/Frameworks/HIToolbox.framework/Versions/A/HIToolbox
0x0000000009b1c000 	/usr/lib/libicucore.A.dylib
0x0000000009b1c000 	/System/Library/Frameworks/QuartzCore.framework/Versions/A/QuartzCore
0x0000000009b1c000 	/System/Library/Frameworks/Carbon.framework/Versions/A/Frameworks/SpeechRecognition.framework/Versions/A/SpeechRecognition
0x0000000009b1c000 	/usr/lib/libauto.dylib
0x0000000009b1c000 	/usr/lib/libxml2.2.dylib
0x0000000009b1c000 	/System/Library/PrivateFrameworks/CoreUI.framework/Versions/A/CoreUI
0x0000000009b1c000 	/System/Library/Frameworks/CoreAudio.framework/Versions/A/CoreAudio
0x0000000009b1c000 	/System/Library/Frameworks/DiskArbitration.framework/Versions/A/DiskArbitration
0x0000000009b1c000 	/usr/lib/liblangid.dylib
0x0000000009b1c000 	/System/Library/PrivateFrameworks/MultitouchSupport.framework/Versions/A/MultitouchSupport
0x0000000009b1c000 	/System/Library/Frameworks/IOKit.framework/Versions/A/IOKit
0x0000000009b1c000 	/usr/lib/libDiagnosticMessagesClient.dylib
0x0000000009b1c000 	/System/Library/Frameworks/CoreServices.framework/Versions/A/CoreServices
0x0000000009b1c000 	/System/Library/PrivateFrameworks/PerformanceAnalysis.framework/Versions/A/PerformanceAnalysis
0x0000000009b1c000 	/System/Library/Frameworks/OpenGL.framework/Versions/A/OpenGL
0x0000000009b1c000 	/System/Library/Frameworks/ColorSync.framework/Versions/A/ColorSync
0x0000000009b1c000 	/System/Library/Frameworks/CoreImage.framework/Versions/A/CoreImage
0x0000000009b1c000 	/System/Library/Frameworks/CoreText.framework/Versions/A/CoreText
0x0000000009b1c000 	/System/Library/Frameworks/ImageIO.framework/Versions/A/ImageIO
0x0000000009b1c000 	/System/Library/PrivateFrameworks/Backup.framework/Versions/A/Backup
0x0000000009b1c000 	/usr/lib/libarchive.2.dylib
0x0000000009b1c000 	/System/Library/Frameworks/CFNetwork.framework/Versions/A/CFNetwork
0x0000000009b1c000 	/System/Library/Frameworks/SystemConfiguration.framework/Versions/A/SystemConfiguration
0x0000000009b1c000 	/usr/lib/libCRFSuite.dylib
0x0000000009b1c000 	/usr/lib/libc++.1.dylib
0x0000000009b1c000 	/usr/lib/libc++abi.dylib
0x0000000009b1c000 	/usr/lib/system/libcache.dylib
0x0000000009b1c000 	/usr/lib/system/libcommonCrypto.dylib
0x0000000009b1c000 	/usr/lib/system/libcompiler_rt.dylib
0x0000000009b1c000 	/usr/lib/system/libcopyfile.dylib
0x0000000009b1c000 	/usr/lib/system/libcorecrypto.dylib
0x0000000009b1c000 	/usr/lib/system/libdispatch.dylib
0x0000000009b1c000 	/usr/lib/system/libdyld.dylib
0x0000000009b1c000 	/usr/lib/system/libkeymgr.dylib
0x0000000009b1c000 	/usr/lib/system/liblaunch.dylib
0x0000000009b1c000 	/usr/lib/system/libmacho.dylib
0x0000000009b1c000 	/usr/lib/system/libquarantine.dylib
0x0000000009b1c000 	/usr/lib/system/libremovefile.dylib
0x0000000009b1c000 	/usr/lib/system/libsystem_asl.dylib
0x0000000009b1c000 	/usr/lib/system/libsystem_blocks.dylib
0x0000000009b1c000 	/usr/lib/system/libsystem_c.dylib
0x0000000009b1c000 	/usr/lib/system/libsystem_configuration.dylib
0x0000000009b1c000 	/usr/lib/system/libsystem_coreservices.dylib
0x0000000009b1c000 	/usr/lib/system/libsystem_darwin.dylib
0x0000000009b1c000 	/usr/lib/system/libsystem_dnssd.dylib
0x0000000009b1c000 	/usr/lib/system/libsystem_info.dylib
0x0000000009b1c000 	/usr/lib/system/libsystem_m.dylib
0x0000000009b1c000 	/usr/lib/system/libsystem_malloc.dylib
0x0000000009b1c000 	/usr/lib/system/libsystem_network.dylib
0x0000000009b1c000 	/usr/lib/system/libsystem_networkextension.dylib
0x0000000009b1c000 	/usr/lib/system/libsystem_notify.dylib
0x0000000009b1c000 	/usr/lib/system/libsystem_sandbox.dylib
0x0000000009b1c000 	/usr/lib/system/libsystem_secinit.dylib
0x0000000009b1c000 	/usr/lib/system/libsystem_kernel.dylib
0x0000000009b1c000 	/usr/lib/system/libsystem_platform.dylib
0x0000000009b1c000 	/usr/lib/system/libsystem_pthread.dylib
0x0000000009b1c000 	/usr/lib/system/libsystem_symptoms.dylib
0x0000000009b1c000 	/usr/lib/system/libsystem_trace.dylib
0x0000000009b1c000 	/usr/lib/system/libunwind.dylib
0x0000000009b1c000 	/usr/lib/system/libxpc.dylib
0x0000000009b1c000 	/usr/lib/closure/libclosured.dylib
0x0000000009b1c000 	/usr/lib/libbsm.0.dylib
0x0000000009b1c000 	/usr/lib/system/libkxld.dylib
0x0000000009b1c000 	/usr/lib/libOpenScriptingUtil.dylib
0x0000000009b1c000 	/usr/lib/libcoretls.dylib
0x0000000009b1c000 	/usr/lib/libcoretls_cfhelpers.dylib
0x0000000009b1c000 	/usr/lib/libpam.2.dylib
0x0000000009b1c000 	/usr/lib/libsqlite3.dylib
0x0000000009b1c000 	/usr/lib/libxar.1.dylib
0x0000000009b1c000 	/usr/lib/libbz2.1.0.dylib
0x0000000009b1c000 	/usr/lib/liblzma.5.dylib
0x0000000009b1c000 	/usr/lib/libnetwork.dylib
0x0000000009b1c000 	/usr/lib/libapple_nghttp2.dylib
0x0000000009b1c000 	/usr/lib/libpcap.A.dylib
0x0000000009b1c000 	/usr/lib/libboringssl.dylib
0x0000000009b1c000 	/usr/lib/libusrtcp.dylib
0x0000000009b1c000 	/usr/lib/libapple_crypto.dylib
0x0000000009b1c000 	/System/Library/Frameworks/CoreServices.framework/Versions/A/Frameworks/FSEvents.framework/Versions/A/FSEvents
0x0000000009b1c000 	/System/Library/Frameworks/CoreServices.framework/Versions/A/Frameworks/CarbonCore.framework/Versions/A/CarbonCore
0x0000000009b1c000 	/System/Library/Frameworks/CoreServices.framework/Versions/A/Frameworks/Metadata.framework/Versions/A/Metadata
0x0000000009b1c000 	/System/Library/Frameworks/CoreServices.framework/Versions/A/Frameworks/OSServices.framework/Versions/A/OSServices
0x0000000009b1c000 	/System/Library/Frameworks/CoreServices.framework/Versions/A/Frameworks/SearchKit.framework/Versions/A/SearchKit
0x0000000009b1c000 	/System/Library/Frameworks/CoreServices.framework/Versions/A/Frameworks/AE.framework/Versions/A/AE
0x0000000009b1c000 	/System/Library/Frameworks/CoreServices.framework/Versions/A/Frameworks/LaunchServices.framework/Versions/A/LaunchServices
0x0000000009b1c000 	/System/Library/Frameworks/CoreServices.framework/Versions/A/Frameworks/DictionaryServices.framework/Versions/A/DictionaryServices
0x0000000009b1c000 	/System/Library/Frameworks/CoreServices.framework/Versions/A/Frameworks/SharedFileList.framework/Versions/A/SharedFileList
0x0000000009b1c000 	/System/Library/Frameworks/NetFS.framework/Versions/A/NetFS
0x0000000009b1c000 	/System/Library/PrivateFrameworks/NetAuth.framework/Versions/A/NetAuth
0x0000000009b1c000 	/System/Library/PrivateFrameworks/login.framework/Versions/A/Frameworks/loginsupport.framework/Versions/A/loginsupport
0x0000000009b1c000 	/System/Library/PrivateFrameworks/TCC.framework/Versions/A/TCC
0x0000000009b1c000 	/usr/lib/libmecabra.dylib
0x0000000009b1c000 	/System/Library/Frameworks/ApplicationServices.framework/Versions/A/Frameworks/ATS.framework/Versions/A/ATS
0x0000000009b1c000 	/System/Library/Frameworks/ApplicationServices.framework/Versions/A/Frameworks/ColorSyncLegacy.framework/Versions/A/ColorSyncLegacy
0x0000000009b1c000 	/System/Library/Frameworks/ApplicationServices.framework/Versions/A/Frameworks/HIServices.framework/Versions/A/HIServices
0x0000000009b1c000 	/System/Library/Frameworks/ApplicationServices.framework/Versions/A/Frameworks/LangAnalysis.framework/Versions/A/LangAnalysis
0x0000000009b1c000 	/System/Library/Frameworks/ApplicationServices.framework/Versions/A/Frameworks/PrintCore.framework/Versions/A/PrintCore
0x0000000009b1c000 	/System/Library/Frameworks/ApplicationServices.framework/Versions/A/Frameworks/QD.framework/Versions/A/QD
0x0000000009b1c000 	/System/Library/Frameworks/ApplicationServices.framework/Versions/A/Frameworks/SpeechSynthesis.framework/Versions/A/SpeechSynthesis
0x0000000009b1c000 	/System/Library/Frameworks/CoreDisplay.framework/Versions/A/CoreDisplay
0x0000000009b1c000 	/System/Library/Frameworks/Accelerate.framework/Versions/A/Frameworks/vImage.framework/Versions/A/vImage
0x0000000009b1c000 	/System/Library/Frameworks/Accelerate.framework/Versions/A/Frameworks/vecLib.framework/Versions/A/vecLib
0x0000000009b1c000 	/System/Library/Frameworks/Accelerate.framework/Versions/A/Frameworks/vecLib.framework/Versions/A/libvDSP.dylib
0x0000000009b1c000 	/System/Library/Frameworks/Accelerate.framework/Versions/A/Frameworks/vecLib.framework/Versions/A/libBNNS.dylib
0x0000000009b1c000 	/System/Library/Frameworks/Accelerate.framework/Versions/A/Frameworks/vecLib.framework/Versions/A/libQuadrature.dylib
0x0000000009b1c000 	/System/Library/Frameworks/Accelerate.framework/Versions/A/Frameworks/vecLib.framework/Versions/A/libvMisc.dylib
0x0000000009b1c000 	/System/Library/Frameworks/Accelerate.framework/Versions/A/Frameworks/vecLib.framework/Versions/A/libLAPACK.dylib
0x0000000009b1c000 	/System/Library/Frameworks/Accelerate.framework/Versions/A/Frameworks/vecLib.framework/Versions/A/libBLAS.dylib
0x0000000009b1c000 	/System/Library/Frameworks/Accelerate.framework/Versions/A/Frameworks/vecLib.framework/Versions/A/libLinearAlgebra.dylib
0x0000000009b1c000 	/System/Library/Frameworks/Accelerate.framework/Versions/A/Frameworks/vecLib.framework/Versions/A/libSparse.dylib
0x0000000009b1c000 	/System/Library/Frameworks/Accelerate.framework/Versions/A/Frameworks/vecLib.framework/Versions/A/libSparseBLAS.dylib
0x0000000009b1c000 	/System/Library/PrivateFrameworks/IOAccelerator.framework/Versions/A/IOAccelerator
0x0000000009b1c000 	/System/Library/PrivateFrameworks/IOPresentment.framework/Versions/A/IOPresentment
0x0000000009b1c000 	/System/Library/PrivateFrameworks/DSExternalDisplay.framework/Versions/A/DSExternalDisplay
0x0000000009b1c000 	/System/Library/Frameworks/OpenGL.framework/Versions/A/Libraries/libCoreFSCache.dylib
0x0000000009b1c000 	/System/Library/Frameworks/CoreVideo.framework/Versions/A/CoreVideo
0x0000000009b1c000 	/System/Library/PrivateFrameworks/GraphVisualizer.framework/Versions/A/GraphVisualizer
0x0000000009b1c000 	/System/Library/Frameworks/MetalPerformanceShaders.framework/Versions/A/MetalPerformanceShaders
0x0000000009b1c000 	/usr/lib/libFosl_dynamic.dylib
0x0000000009b1c000 	/System/Library/PrivateFrameworks/FaceCore.framework/Versions/A/FaceCore
0x0000000009b1c000 	/System/Library/Frameworks/OpenCL.framework/Versions/A/OpenCL
0x0000000009b1c000 	/usr/lib/libcompression.dylib
0x0000000009b1c000 	/System/Library/Frameworks/ApplicationServices.framework/Versions/A/Frameworks/ATS.framework/Versions/A/Resources/libFontParser.dylib
0x0000000009b1c000 	/System/Library/Frameworks/ApplicationServices.framework/Versions/A/Frameworks/ATS.framework/Versions/A/Resources/libFontRegistry.dylib
0x0000000009b1c000 	/System/Library/Frameworks/ImageIO.framework/Versions/A/Resources/libJPEG.dylib
0x0000000009b1c000 	/System/Library/Frameworks/ImageIO.framework/Versions/A/Resources/libTIFF.dylib
0x0000000009b1c000 	/System/Library/Frameworks/ImageIO.framework/Versions/A/Resources/libPng.dylib
0x0000000009b1c000 	/System/Library/Frameworks/ImageIO.framework/Versions/A/Resources/libGIF.dylib
0x0000000009b1c000 	/System/Library/Frameworks/ImageIO.framework/Versions/A/Resources/libJP2.dylib
0x0000000009b1c000 	/System/Library/Frameworks/ImageIO.framework/Versions/A/Resources/libRadiance.dylib
0x0000000009b1c000 	/System/Library/PrivateFrameworks/AppleJPEG.framework/Versions/A/AppleJPEG
0x0000000009b1c000 	/System/Library/PrivateFrameworks/MetalTools.framework/Versions/A/MetalTools
0x0000000009b1c000 	/System/Library/Frameworks/MetalPerformanceShaders.framework/Frameworks/MPSCore.framework/Versions/A/MPSCore
0x0000000009b1c000 	/System/Library/Frameworks/MetalPerformanceShaders.framework/Frameworks/MPSImage.framework/Versions/A/MPSImage
0x0000000009b1c000 	/System/Library/Frameworks/MetalPerformanceShaders.framework/Frameworks/MPSMatrix.framework/Versions/A/MPSMatrix
0x0000000009b1c000 	/System/Library/Frameworks/MetalPerformanceShaders.framework/Frameworks/MPSNeuralNetwork.framework/Versions/A/MPSNeuralNetwork
0x0000000009b1c000 	/System/Library/Frameworks/OpenGL.framework/Versions/A/Libraries/libGLU.dylib
0x0000000009b1c000 	/System/Library/Frameworks/OpenGL.framework/Versions/A/Libraries/libGFXShared.dylib
0x0000000009b1c000 	/System/Library/Frameworks/OpenGL.framework/Versions/A/Libraries/libGL.dylib
0x0000000009b1c000 	/System/Library/Frameworks/OpenGL.framework/Versions/A/Libraries/libGLImage.dylib
0x0000000009b1c000 	/System/Library/Frameworks/OpenGL.framework/Versions/A/Libraries/libCVMSPluginSupport.dylib
0x0000000009b1c000 	/System/Library/Frameworks/OpenGL.framework/Versions/A/Libraries/libCoreVMClient.dylib
0x0000000009b1c000 	/usr/lib/libcups.2.dylib
0x0000000009b1c000 	/System/Library/Frameworks/Kerberos.framework/Versions/A/Kerberos
0x0000000009b1c000 	/System/Library/Frameworks/GSS.framework/Versions/A/GSS
0x0000000009b1c000 	/usr/lib/libresolv.9.dylib
0x0000000009b1c000 	/usr/lib/libiconv.2.dylib
0x0000000009b1c000 	/System/Library/PrivateFrameworks/Heimdal.framework/Versions/A/Heimdal
0x0000000009b1c000 	/usr/lib/libheimdal-asn1.dylib
0x0000000009b1c000 	/System/Library/Frameworks/OpenDirectory.framework/Versions/A/OpenDirectory
0x0000000009b1c000 	/System/Library/PrivateFrameworks/CommonAuth.framework/Versions/A/CommonAuth
0x0000000009b1c000 	/System/Library/Frameworks/OpenDirectory.framework/Versions/A/Frameworks/CFOpenDirectory.framework/Versions/A/CFOpenDirectory
0x0000000009b1c000 	/System/Library/Frameworks/SecurityFoundation.framework/Versions/A/SecurityFoundation
0x0000000009b1c000 	/System/Library/PrivateFrameworks/APFS.framework/Versions/A/APFS
0x0000000009b1c000 	/usr/lib/libutil.dylib
0x0000000009b1c000 	/System/Library/PrivateFrameworks/AppleSauce.framework/Versions/A/AppleSauce
0x0000000009b1c000 	/System/Library/PrivateFrameworks/LinguisticData.framework/Versions/A/LinguisticData
0x0000000009b1c000 	/usr/lib/libmarisa.dylib
0x0000000009b1c000 	/System/Library/PrivateFrameworks/Lexicon.framework/Versions/A/Lexicon
0x0000000009b1c000 	/usr/lib/libChineseTokenizer.dylib
0x0000000009b1c000 	/usr/lib/libcmph.dylib
0x0000000009b1c000 	/System/Library/PrivateFrameworks/LanguageModeling.framework/Versions/A/LanguageModeling
0x0000000009b1c000 	/System/Library/PrivateFrameworks/CoreEmoji.framework/Versions/A/CoreEmoji
0x0000000009b1c000 	/System/Library/Frameworks/ServiceManagement.framework/Versions/A/ServiceManagement
0x0000000009b1c000 	/System/Library/PrivateFrameworks/BackgroundTaskManagement.framework/Versions/A/BackgroundTaskManagement
0x0000000009b1c000 	/usr/lib/libxslt.1.dylib
0x0000000009b1c000 	/System/Library/Frameworks/Carbon.framework/Versions/A/Frameworks/Ink.framework/Versions/A/Ink
0x0000000009b1c000 	/System/Library/PrivateFrameworks/TextureIO.framework/Versions/A/TextureIO
0x0000000009b1c000 	/usr/lib/libate.dylib
0x0000000009b1c000 	/System/Library/PrivateFrameworks/CrashReporterSupport.framework/Versions/A/CrashReporterSupport
0x0000000009b1c000 	/System/Library/PrivateFrameworks/Sharing.framework/Versions/A/Sharing
0x0000000009b1c000 	/System/Library/PrivateFrameworks/IconServices.framework/Versions/A/IconServices
0x0000000009b1c000 	/System/Library/PrivateFrameworks/ProtocolBuffer.framework/Versions/A/ProtocolBuffer
0x0000000009b1c000 	/System/Library/PrivateFrameworks/Apple80211.framework/Versions/A/Apple80211
0x0000000009b1c000 	/System/Library/Frameworks/CoreWLAN.framework/Versions/A/CoreWLAN
0x0000000009b1c000 	/System/Library/PrivateFrameworks/CoreUtils.framework/Versions/A/CoreUtils
0x0000000009b1c000 	/System/Library/Frameworks/IOBluetooth.framework/Versions/A/IOBluetooth
0x0000000009b1c000 	/System/Library/PrivateFrameworks/CoreWiFi.framework/Versions/A/CoreWiFi
0x0000000009b1c000 	/System/Library/Frameworks/CoreBluetooth.framework/Versions/A/CoreBluetooth
0x0000000009b1c000 	/System/Library/PrivateFrameworks/SignpostNotification.framework/Versions/A/SignpostNotification
0x0000000009b1c000 	/System/Library/PrivateFrameworks/DebugSymbols.framework/Versions/A/DebugSymbols
0x0000000009b1c000 	/System/Library/PrivateFrameworks/CoreSymbolication.framework/Versions/A/CoreSymbolication
0x0000000009b1c000 	/System/Library/PrivateFrameworks/Symbolication.framework/Versions/A/Symbolication
0x0000000009b1c000 	/System/Library/PrivateFrameworks/AppleFSCompression.framework/Versions/A/AppleFSCompression
0x0000000009b1c000 	/System/Library/PrivateFrameworks/SpeechRecognitionCore.framework/Versions/A/SpeechRecognitionCore
0x0000000106400000 	/Applications/Android Studio.app/Contents/jre/jdk/Contents/Home/jre/lib/server/libjvm.dylib
0x0000000009b1c000 	/usr/lib/libstdc++.6.0.9.dylib
0x0000000105bf2000 	/Applications/Android Studio.app/Contents/jre/jdk/Contents/Home/jre/lib/libverify.dylib
0x0000000106e9c000 	/Applications/Android Studio.app/Contents/jre/jdk/Contents/Home/jre/lib/libjava.dylib
0x0000000106f18000 	/Applications/Android Studio.app/Contents/jre/jdk/Contents/Home/jre/lib/libzip.dylib
0x0000000109893000 	/Applications/Android Studio.app/Contents/jre/jdk/Contents/Home/jre/lib/libmanagement.dylib
0x000000010989d000 	/Applications/Android Studio.app/Contents/jre/jdk/Contents/Home/jre/lib/libnio.dylib
0x00000001098ad000 	/Applications/Android Studio.app/Contents/jre/jdk/Contents/Home/jre/lib/./libnet.dylib
0x000000011e1f9000 	/private/var/folders/z6/0mqth9gs0_xc78b0dlpj55sm0000gn/T/room-d441e80d-62ae-4bec-b485-49735a963917/sqlite-3.20.1-3a95a168-415c-4562-80ab-8cc8efc03360-libsqlitejdbc.jnilib
0x0000000125347000 	/private/var/folders/z6/0mqth9gs0_xc78b0dlpj55sm0000gn/T/room-37e067e1-ca98-471d-99c8-d0c189429022/sqlite-3.20.1-e27066b5-0200-43cb-ac54-5ec860ca806b-libsqlitejdbc.jnilib
0x00000001213da000 	/private/var/folders/z6/0mqth9gs0_xc78b0dlpj55sm0000gn/T/room-325234da-8336-4b00-a63d-6528b8549fad/sqlite-3.20.1-fedcfa8c-5aaf-49d5-82bd-1f703396a3bd-libsqlitejdbc.jnilib
0x000000011dc1b000 	/private/var/folders/z6/0mqth9gs0_xc78b0dlpj55sm0000gn/T/room-461264b2-8819-4982-b94c-320c9a31f737/sqlite-3.20.1-8eb838be-46cb-4f1e-8dad-48ab9227bd4f-libsqlitejdbc.jnilib
0x0000000120a49000 	/private/var/folders/z6/0mqth9gs0_xc78b0dlpj55sm0000gn/T/room-b943e615-2256-4aef-ae51-878d34cb6a92/sqlite-3.20.1-d0358477-1852-4d8e-90fb-9b7f37290f81-libsqlitejdbc.jnilib
0x0000000121750000 	/private/var/folders/z6/0mqth9gs0_xc78b0dlpj55sm0000gn/T/room-101ad75e-2dc5-4a38-9a3d-c1a75e6b683d/sqlite-3.20.1-a507c281-7969-4160-a735-5768888d4e22-libsqlitejdbc.jnilib

VM Arguments:
jvm_args: -Djava.awt.headless=true -Djava.rmi.server.hostname=127.0.0.1 -Xmx1536m -Dkotlin.environment.keepalive 
java_command: org.jetbrains.kotlin.daemon.KotlinCompileDaemon --daemon-runFilesPath /Users/priyamanoj/Library/Application Support/kotlin/daemon --daemon-autoshutdownIdleSeconds=7200 --daemon-compilerClasspath /Users/priyamanoj/.gradle/caches/modules-2/files-2.1/org.jetbrains.kotlin/kotlin-compiler-embeddable/1.2.71/a79f934bfbc1c7e16638da3474feab351735f1c0/kotlin-compiler-embeddable-1.2.71.jar:/Users/priyamanoj/.gradle/caches/modules-2/files-2.1/org.jetbrains.kotlin/kotlin-reflect/1.2.71/7512db3b3182753bd2e48ce8d345abbadc40fe6b/kotlin-reflect-1.2.71.jar:/Users/priyamanoj/.gradle/caches/modules-2/files-2.1/org.jetbrains.kotlin/kotlin-stdlib/1.2.71/d9717625bb3c731561251f8dd2c67a1011d6764c/kotlin-stdlib-1.2.71.jar:/Users/priyamanoj/.gradle/caches/modules-2/files-2.1/org.jetbrains.kotlin/kotlin-script-runtime/1.2.71/d5439926359caa899f41e1915b19d6d23e49750b/kotlin-script-runtime-1.2.71.jar:/Users/priyamanoj/.gradle/caches/modules-2/files-2.1/org.jetbrains.kotlin/kotlin-stdlib-common/1.2.71/ba18ca1aa0e40eb6f1865b324af2f4cbb691c1ec/kotlin-stdlib-common-1.2.71.jar:/Users/priyamanoj/.gradle/caches/modules-2/files-2.1/org.jetbrains/annotations/13.0/919f0dfe192fb4e063e7dacadee7f8bb9a2672a9/annotations-13.0.jar:/Applications/Android Studio.app/Contents/jre/jdk/Contents/Home/lib/tools.jar
java_class_path (initial): /Users/priyamanoj/.gradle/caches/modules-2/files-2.1/org.jetbrains.kotlin/kotlin-compiler-embeddable/1.2.71/a79f934bfbc1c7e16638da3474feab351735f1c0/kotlin-compiler-embeddable-1.2.71.jar:/Users/priyamanoj/.gradle/caches/modules-2/files-2.1/org.jetbrains.kotlin/kotlin-reflect/1.2.71/7512db3b3182753bd2e48ce8d345abbadc40fe6b/kotlin-reflect-1.2.71.jar:/Users/priyamanoj/.gradle/caches/modules-2/files-2.1/org.jetbrains.kotlin/kotlin-stdlib/1.2.71/d9717625bb3c731561251f8dd2c67a1011d6764c/kotlin-stdlib-1.2.71.jar:/Users/priyamanoj/.gradle/caches/modules-2/files-2.1/org.jetbrains.kotlin/kotlin-script-runtime/1.2.71/d5439926359caa899f41e1915b19d6d23e49750b/kotlin-script-runtime-1.2.71.jar:/Users/priyamanoj/.gradle/caches/modules-2/files-2.1/org.jetbrains.kotlin/kotlin-stdlib-common/1.2.71/ba18ca1aa0e40eb6f1865b324af2f4cbb691c1ec/kotlin-stdlib-common-1.2.71.jar:/Users/priyamanoj/.gradle/caches/modules-2/files-2.1/org.jetbrains/annotations/13.0/919f0dfe192fb4e063e7dacadee7f8bb9a2672a9/annotations-13.0.jar:/Applications/Android Studio.app/Contents/jre/jdk/Contents/Home/lib/tools.jar
Launcher Type: SUN_STANDARD

Environment Variables:
PATH=/Users/priyamanoj/.rbenv/shims:/usr/local/bin:/usr/bin:/bin:/usr/sbin:/sbin:/usr/local/share/dotnet:/Library/Frameworks/Mono.framework/Versions/Current/Commands
SHELL=/bin/bash

Signal Handlers:
SIGSEGV: [libjvm.dylib+0x570b99], sa_mask[0]=11111111011111110111111111111111, sa_flags=SA_ONSTACK|SA_RESTART|SA_SIGINFO
SIGBUS: [libjvm.dylib+0x570b99], sa_mask[0]=11111111011111110111111111111111, sa_flags=SA_RESTART|SA_SIGINFO
SIGFPE: [libjvm.dylib+0x461f7d], sa_mask[0]=11111111011111110111111111111111, sa_flags=SA_RESTART|SA_SIGINFO
SIGPIPE: [libjvm.dylib+0x461f7d], sa_mask[0]=11111111011111110111111111111111, sa_flags=SA_RESTART|SA_SIGINFO
SIGXFSZ: [libjvm.dylib+0x461f7d], sa_mask[0]=11111111011111110111111111111111, sa_flags=SA_RESTART|SA_SIGINFO
SIGILL: [libjvm.dylib+0x461f7d], sa_mask[0]=11111111011111110111111111111111, sa_flags=SA_RESTART|SA_SIGINFO
SIGUSR1: SIG_DFL, sa_mask[0]=00000000000000000000000000000000, sa_flags=none
SIGUSR2: [libjvm.dylib+0x46288e], sa_mask[0]=00100000000000000000000000000000, sa_flags=SA_RESTART|SA_SIGINFO
SIGHUP: [libjvm.dylib+0x460a77], sa_mask[0]=11111111011111110111111111111111, sa_flags=SA_RESTART|SA_SIGINFO
SIGINT: [libjvm.dylib+0x460a77], sa_mask[0]=11111111011111110111111111111111, sa_flags=SA_RESTART|SA_SIGINFO
SIGTERM: [libjvm.dylib+0x460a77], sa_mask[0]=11111111011111110111111111111111, sa_flags=SA_RESTART|SA_SIGINFO
SIGQUIT: [libjvm.dylib+0x460a77], sa_mask[0]=11111111011111110111111111111111, sa_flags=SA_RESTART|SA_SIGINFO


---------------  S Y S T E M  ---------------

OS:Bsduname:Darwin 17.3.0 Darwin Kernel Version 17.3.0: Thu Nov  9 18:09:22 PST 2017; root:xnu-4570.31.3~1/RELEASE_X86_64 x86_64
rlimit: STACK 8192k, CORE 0k, NPROC 709, NOFILE 10240, AS infinity
load average:4.08 3.28 2.87

CPU:total 4 (initial active 4) (2 cores per cpu, 2 threads per core) family 6 model 61 stepping 4, cmov, cx8, fxsr, mmx, sse, sse2, sse3, ssse3, sse4.1, sse4.2, popcnt, avx, avx2, aes, clmul, erms, 3dnowpref, lzcnt, ht, tsc, tscinvbit, bmi1, bmi2, adx

Memory: 4k page, physical 8388608k(51772k free)

/proc/meminfo:


vm_info: OpenJDK 64-Bit Server VM (25.152-b06) for bsd-amd64 JRE (1.8.0_152-release-1136-b06), built by "builder" with gcc 4.2.1 Compatible Apple LLVM 9.1.0 (clang-902.0.39.2)

time: Sun Oct 21 11:32:55 2018
elapsed time: 6430 seconds (0d 1h 47m 10s)

