#
# A fatal error has been detected by the Java Runtime Environment:
#
#  SIGSEGV (0xb) at pc=0x00000001041d19e9, pid=2280, tid=0x0000000000005b07
#
# JRE version: OpenJDK Runtime Environment (8.0_152-b06) (build 1.8.0_152-release-1136-b06)
# Java VM: OpenJDK 64-Bit Server VM (25.152-b06 mixed mode bsd-amd64 compressed oops)
# Problematic frame:
# V  [libjvm.dylib+0x1d19e9]  ConstantPool::impl_klass_ref_index_at(int, bool)+0x4f
#
# Failed to write core dump. Core dumps have been disabled. To enable core dumping, try "ulimit -c unlimited" before starting Java again
#
# If you would like to submit a bug report, please visit:
#   http://bugreport.java.com/bugreport/crash.jsp
#

---------------  T H R E A D  ---------------

Current thread (0x00007f8cb3e09800):  JavaThread "RMI TCP Connection(5)-127.0.0.1" daemon [_thread_in_vm, id=23303, stack(0x00007000095ee000,0x00007000096ee000)]

siginfo: si_signo: 11 (SIGSEGV), si_code: 1 (SEGV_MAPERR), si_addr: 0x0000000708ad8ff0

Registers:
RAX=0x0000000708ad8ee0, RBX=0x0000000000000008, RCX=0x0000000000000100, RDX=0x0000000000000000
RSP=0x00007000096e8650, RBP=0x00007000096e8670, RSI=0x0000000000000008, RDI=0x0000000108ad7e88
R8 =0x0000000000000008, R9 =0x00007f8cb3e09800, R10=0x000000000000008b, R11=0x00000001134c6ea0
R12=0x00007f8cb3e09800, R13=0x00007f8cb3e09800, R14=0x0000000108ad7e88, R15=0x0000000000000000
RIP=0x00000001041d19e9, EFLAGS=0x0000000000010206, ERR=0x0000000000000004
  TRAPNO=0x000000000000000e

Top of Stack: (sp=0x00007000096e8650)
0x00007000096e8650:   0000000000000014 0000000108ad7e88
0x00007000096e8660:   00007f8cb3e09800 0000000108ad7e88
0x00007000096e8670:   00007000096e8690 00000001041d1a1a
0x00007000096e8680:   00007000096e8750 00007000096e8740
0x00007000096e8690:   00007000096e8720 00000001043a7c8f
0x00007000096e86a0:   0000000000000000 00007000096e8750
0x00007000096e86b0:   00007000096e8730 00000001044596b4
0x00007000096e86c0:   00007f8cb2e7d400 00007f8cb066a8f0
0x00007000096e86d0:   000000b7b066a900 0000000108ad7e88
0x00007000096e86e0:   00007000096e8730 00007f8cb066a900
0x00007000096e86f0:   00000008096e8710 00007000096e8dd8
0x00007000096e8700:   00000000000000b7 00007000096e8740
0x00007000096e8710:   0000000108ad7e88 00007f8cb3e09800
0x00007000096e8720:   00007000096e8790 00000001040cf02a
0x00007000096e8730:   0000000000000000 0000000108ad7e88
0x00007000096e8740:   0000000108ad7e88 00007f8cb3e09800
0x00007000096e8750:   0000000000000000 0000000000000000
0x00007000096e8760:   00007f8cb3e09800 00007000096e87a0
0x00007000096e8770:   0000000108ad8700 00007000096e8d58
0x00007000096e8780:   00007f8cb3e09800 00007f8cb3e09800
0x00007000096e8790:   00007000096e8e50 00000001044be96f
0x00007000096e87a0:   00007000096e9f88 00007000096e9f8c
0x00007000096e87b0:   00007000096e9f80 00007000096e9f84
0x00007000096e87c0:   00007000096e9f78 00007000096e9f7c
0x00007000096e87d0:   00007000096e9f70 00007000096e9f74
0x00007000096e87e0:   000070000ab824c0 00000001043a5b59
0x00007000096e87f0:   00007000096e9fa0 00007000096e9fa0
0x00007000096e8800:   00007000096e9f58 00007000096e9f5c
0x00007000096e8810:   00007000096e9f50 00007000096e9f54
0x00007000096e8820:   00007000096e9f48 00007000096e9f4c
0x00007000096e8830:   00007000096e9f40 00007000096e9f44
0x00007000096e8840:   00007000096e9f38 00007000096e9f3c 

Instructions: (pc=0x00000001041d19e9)
0x00000001041d19c9:   00 e8 77 61 00 00 e8 8c dc 28 00 45 84 ff 75 18
0x00000001041d19d9:   49 8b 46 10 48 85 c0 74 0f 48 63 cb 48 c1 e1 05
0x00000001041d19e9:   48 8b 44 08 10 0f b7 d8 48 63 c3 41 0f b7 44 c6
0x00000001041d19f9:   50 48 83 c4 08 5b 41 5e 41 5f 5d c3 90 55 48 89 

Register to memory mapping:

RAX=0x0000000708ad8ee0 is an unknown value
RBX=0x0000000000000008 is an unknown value
RCX=0x0000000000000100 is an unknown value
RDX=0x0000000000000000 is an unknown value
RSP=0x00007000096e8650 is pointing into the stack for thread: 0x00007f8cb3e09800
RBP=0x00007000096e8670 is pointing into the stack for thread: 0x00007f8cb3e09800
RSI=0x0000000000000008 is an unknown value
RDI=0x0000000108ad7e88 is pointing into metadata
R8 =0x0000000000000008 is an unknown value
R9 =0x00007f8cb3e09800 is a thread
R10=0x000000000000008b is an unknown value
R11=0x00000001134c6ea0 is at entry_point+32 in (nmethod*)0x00000001134c6c90

[error occurred during error reporting (printing register info), id 0xb]

Stack: [0x00007000095ee000,0x00007000096ee000],  sp=0x00007000096e8650,  free space=1001k
Native frames: (J=compiled Java code, j=interpreted, Vv=VM code, C=native code)
V  [libjvm.dylib+0x1d19e9]  ConstantPool::impl_klass_ref_index_at(int, bool)+0x4f
V  [libjvm.dylib+0x1d1a1a]  ConstantPool::klass_ref_at(int, Thread*)+0x14
V  [libjvm.dylib+0x3a7c8f]  LinkResolver::resolve_method_statically(methodHandle&, KlassHandle&, Bytecodes::Code, constantPoolHandle, int, Thread*)+0xdd
V  [libjvm.dylib+0xcf02a]  Bytecode_invoke::static_target(Thread*)+0xe6
V  [libjvm.dylib+0x4be96f]  SharedRuntime::find_callee_info_helper(JavaThread*, vframeStream&, Bytecodes::Code&, CallInfo&, Thread*)+0x2cd
V  [libjvm.dylib+0x4be681]  SharedRuntime::find_callee_info(JavaThread*, Bytecodes::Code&, CallInfo&, Thread*)+0x6f
V  [libjvm.dylib+0x4bf599]  SharedRuntime::resolve_sub_helper(JavaThread*, bool, bool, Thread*)+0x11b
V  [libjvm.dylib+0x4bf1f3]  SharedRuntime::resolve_helper(JavaThread*, bool, bool, Thread*)+0x3b
V  [libjvm.dylib+0x4bcabb]  SharedRuntime::resolve_opt_virtual_call_C(JavaThread*)+0x3f
v  ~RuntimeStub::resolve_opt_virtual_call

[error occurred during error reporting (printing native stack), id 0xb]

Java frames: (J=compiled Java code, j=interpreted, Vv=VM code)
v  ~RuntimeStub::resolve_opt_virtual_call

[error occurred during error reporting (printing Java stack), id 0xb]


---------------  P R O C E S S  ---------------

Java Threads: ( => current thread )
  0x00007f8cb4812800 JavaThread "RMI RenewClean-[127.0.0.1:52898,org.jetbrains.kotlin.daemon.common.LoopbackNetworkInterface$ClientLoopbackSocketFactory@6caeb347]" daemon [_thread_blocked, id=4107, stack(0x00007000098f7000,0x00007000099f7000)]
=>0x00007f8cb3e09800 JavaThread "RMI TCP Connection(5)-127.0.0.1" daemon [_thread_in_vm, id=23303, stack(0x00007000095ee000,0x00007000096ee000)]
  0x00007f8cb313d000 JavaThread "RMI TCP Connection(4)-127.0.0.1" daemon [_thread_in_native, id=2823, stack(0x00007000084b8000,0x00007000085b8000)]
  0x00007f8cb0911000 JavaThread "RMI Scheduler(0)" daemon [_thread_blocked, id=22531, stack(0x00007000099fa000,0x0000700009afa000)]
  0x00007f8cb1806800 JavaThread "DestroyJavaVM" [_thread_blocked, id=9731, stack(0x00007000085be000,0x00007000086be000)]
  0x00007f8cb19d9800 JavaThread "GC Daemon" daemon [_thread_blocked, id=21763, stack(0x00007000097f4000,0x00007000098f4000)]
  0x00007f8cb206d800 JavaThread "RMI Reaper" [_thread_blocked, id=15875, stack(0x00007000096f1000,0x00007000097f1000)]
  0x00007f8cb203e800 JavaThread "Timer-0" daemon [_thread_blocked, id=14851, stack(0x00007000094eb000,0x00007000095eb000)]
  0x00007f8cb1984000 JavaThread "RMI TCP Accept-17045" daemon [_thread_in_native, id=14595, stack(0x00007000093e8000,0x00007000094e8000)]
  0x00007f8cb1866000 JavaThread "Service Thread" daemon [_thread_blocked, id=14339, stack(0x00007000091e2000,0x00007000092e2000)]
  0x00007f8cb1863800 JavaThread "C1 CompilerThread2" daemon [_thread_blocked, id=17411, stack(0x00007000090df000,0x00007000091df000)]
  0x00007f8cb1862800 JavaThread "C2 CompilerThread1" daemon [_thread_blocked, id=13571, stack(0x0000700008fdc000,0x00007000090dc000)]
  0x00007f8cb1879800 JavaThread "C2 CompilerThread0" daemon [_thread_blocked, id=13315, stack(0x0000700008ed9000,0x0000700008fd9000)]
  0x00007f8cb2005800 JavaThread "Signal Dispatcher" daemon [_thread_blocked, id=17923, stack(0x0000700008dd6000,0x0000700008ed6000)]
  0x00007f8cb083f800 JavaThread "Finalizer" daemon [_thread_blocked, id=11523, stack(0x0000700008cd3000,0x0000700008dd3000)]
  0x00007f8cb0837800 JavaThread "Reference Handler" daemon [_thread_blocked, id=11267, stack(0x0000700008bd0000,0x0000700008cd0000)]

Other Threads:
  0x00007f8cb0832800 VMThread [stack: 0x0000700008acd000,0x0000700008bcd000] [id=20739]
  0x00007f8cb1852800 WatcherThread [stack: 0x00007000092e5000,0x00007000093e5000] [id=16899]

VM state:not at safepoint (normal execution)

VM Mutex/Monitor currently owned by a thread: None

Heap:
 PSYoungGen      total 123904K, used 11390K [0x00000007a0000000, 0x00000007a9300000, 0x00000007c0000000)
  eden space 100352K, 11% used [0x00000007a0000000,0x00000007a0b1fb68,0x00000007a6200000)
  from space 23552K, 0% used [0x00000007a7a00000,0x00000007a7a00000,0x00000007a9100000)
  to   space 24576K, 0% used [0x00000007a6200000,0x00000007a6200000,0x00000007a7a00000)
 ParOldGen       total 112128K, used 12519K [0x0000000760000000, 0x0000000766d80000, 0x00000007a0000000)
  object space 112128K, 11% used [0x0000000760000000,0x0000000760c39de0,0x0000000766d80000)
 Metaspace       used 51711K, capacity 52622K, committed 53544K, reserved 1095680K
  class space    used 6340K, capacity 6578K, committed 6696K, reserved 1048576K

Card table byte_map: [0x0000000104e9c000,0x000000010519d000] byte_map_base: 0x000000010139c000

Marking Bits: (ParMarkBitMap*) 0x000000010482c8f8
 Begin Bits: [0x000000010539d000, 0x0000000106b9d000)
 End Bits:   [0x0000000106b9d000, 0x000000010839d000)

Polling page: 0x00000001037d0000

CodeCache: size=245760Kb used=16876Kb max_used=17599Kb free=228883Kb
 bounds [0x00000001130bf000, 0x000000011420f000, 0x00000001220bf000]
 total_blobs=6026 nmethods=5509 adapters=430
 compilation: enabled

Compilation events (10 events):
Event: 6268.090 Thread 0x00007f8cb1863800 6278       3       kotlin.reflect.jvm.internal.impl.metadata.ProtoBuf$Class::getProperty (14 bytes)
Event: 6268.091 Thread 0x00007f8cb1863800 nmethod 6278 0x0000000113f0abd0 code [0x0000000113f0ad40, 0x0000000113f0b048]
Event: 6268.091 Thread 0x00007f8cb1863800 6279       3       kotlin.reflect.jvm.internal.impl.metadata.ProtoBuf$PackageFragment::getClass_Count (10 bytes)
Event: 6268.091 Thread 0x00007f8cb1863800 nmethod 6279 0x0000000113eee910 code [0x0000000113eeea80, 0x0000000113eeeca8]
Event: 6268.091 Thread 0x00007f8cb1863800 6281       3       kotlin.reflect.jvm.internal.impl.metadata.ProtoBuf$Class::hasFqName (16 bytes)
Event: 6268.091 Thread 0x00007f8cb1863800 nmethod 6281 0x0000000113f0a7d0 code [0x0000000113f0a940, 0x0000000113f0aaf0]
Event: 6268.091 Thread 0x00007f8cb1863800 6282       3       kotlin.reflect.jvm.internal.impl.metadata.ProtoBuf$Class::getTypeAliasCount (10 bytes)
Event: 6268.091 Thread 0x00007f8cb1863800 nmethod 6282 0x0000000113eee4d0 code [0x0000000113eee640, 0x0000000113eee868]
Event: 6268.106 Thread 0x00007f8cb1863800 6283       3       kotlin.reflect.jvm.internal.impl.metadata.ProtoBuf$ValueParameter::writeTo (148 bytes)
Event: 6268.109 Thread 0x00007f8cb1863800 nmethod 6283 0x0000000113c99c50 code [0x0000000113c9a020, 0x0000000113c9c868]

GC Heap History (10 events):
Event: 6.439 GC heap before
{Heap before GC invocations=10 (full 3):
 PSYoungGen      total 61440K, used 56320K [0x00000007a0000000, 0x00000007a7d00000, 0x00000007c0000000)
  eden space 56320K, 100% used [0x00000007a0000000,0x00000007a3700000,0x00000007a3700000)
  from space 5120K, 0% used [0x00000007a4680000,0x00000007a4680000,0x00000007a4b80000)
  to   space 15872K, 0% used [0x00000007a3700000,0x00000007a3700000,0x00000007a4680000)
 ParOldGen       total 112128K, used 15946K [0x0000000760000000, 0x0000000766d80000, 0x00000007a0000000)
  object space 112128K, 14% used [0x0000000760000000,0x0000000760f92a78,0x0000000766d80000)
 Metaspace       used 39257K, capacity 39923K, committed 40488K, reserved 1085440K
  class space    used 4926K, capacity 5094K, committed 5160K, reserved 1048576K
Event: 6.453 GC heap after
Heap after GC invocations=10 (full 3):
 PSYoungGen      total 72192K, used 11348K [0x00000007a0000000, 0x00000007a6b80000, 0x00000007c0000000)
  eden space 56320K, 0% used [0x00000007a0000000,0x00000007a0000000,0x00000007a3700000)
  from space 15872K, 71% used [0x00000007a3700000,0x00000007a42150c8,0x00000007a4680000)
  to   space 15872K, 0% used [0x00000007a5c00000,0x00000007a5c00000,0x00000007a6b80000)
 ParOldGen       total 112128K, used 15954K [0x0000000760000000, 0x0000000766d80000, 0x00000007a0000000)
  object space 112128K, 14% used [0x0000000760000000,0x0000000760f94a78,0x0000000766d80000)
 Metaspace       used 39257K, capacity 39923K, committed 40488K, reserved 1085440K
  class space    used 4926K, capacity 5094K, committed 5160K, reserved 1048576K
}
Event: 7.484 GC heap before
{Heap before GC invocations=11 (full 3):
 PSYoungGen      total 72192K, used 67668K [0x00000007a0000000, 0x00000007a6b80000, 0x00000007c0000000)
  eden space 56320K, 100% used [0x00000007a0000000,0x00000007a3700000,0x00000007a3700000)
  from space 15872K, 71% used [0x00000007a3700000,0x00000007a42150c8,0x00000007a4680000)
  to   space 15872K, 0% used [0x00000007a5c00000,0x00000007a5c00000,0x00000007a6b80000)
 ParOldGen       total 112128K, used 15954K [0x0000000760000000, 0x0000000766d80000, 0x00000007a0000000)
  object space 112128K, 14% used [0x0000000760000000,0x0000000760f94a78,0x0000000766d80000)
 Metaspace       used 42624K, capacity 43324K, committed 43688K, reserved 1087488K
  class space    used 5323K, capacity 5505K, committed 5544K, reserved 1048576K
Event: 7.506 GC heap after
Heap after GC invocations=11 (full 3):
 PSYoungGen      total 91648K, used 15855K [0x00000007a0000000, 0x00000007a7100000, 0x00000007c0000000)
  eden space 75776K, 0% used [0x00000007a0000000,0x00000007a0000000,0x00000007a4a00000)
  from space 15872K, 99% used [0x00000007a5c00000,0x00000007a6b7bca0,0x00000007a6b80000)
  to   space 18432K, 0% used [0x00000007a4a00000,0x00000007a4a00000,0x00000007a5c00000)
 ParOldGen       total 112128K, used 16226K [0x0000000760000000, 0x0000000766d80000, 0x00000007a0000000)
  object space 112128K, 14% used [0x0000000760000000,0x0000000760fd8ad8,0x0000000766d80000)
 Metaspace       used 42624K, capacity 43324K, committed 43688K, reserved 1087488K
  class space    used 5323K, capacity 5505K, committed 5544K, reserved 1048576K
}
Event: 3284.328 GC heap before
{Heap before GC invocations=12 (full 3):
 PSYoungGen      total 91648K, used 91631K [0x00000007a0000000, 0x00000007a7100000, 0x00000007c0000000)
  eden space 75776K, 100% used [0x00000007a0000000,0x00000007a4a00000,0x00000007a4a00000)
  from space 15872K, 99% used [0x00000007a5c00000,0x00000007a6b7bca0,0x00000007a6b80000)
  to   space 18432K, 0% used [0x00000007a4a00000,0x00000007a4a00000,0x00000007a5c00000)
 ParOldGen       total 112128K, used 16226K [0x0000000760000000, 0x0000000766d80000, 0x00000007a0000000)
  object space 112128K, 14% used [0x0000000760000000,0x0000000760fd8ad8,0x0000000766d80000)
 Metaspace       used 52008K, capacity 53024K, committed 53544K, reserved 1095680K
  class space    used 6393K, capacity 6665K, committed 6696K, reserved 1048576K
Event: 3284.862 GC heap after
Heap after GC invocations=12 (full 3):
 PSYoungGen      total 94208K, used 18406K [0x00000007a0000000, 0x00000007a9100000, 0x00000007c0000000)
  eden space 75776K, 0% used [0x00000007a0000000,0x00000007a0000000,0x00000007a4a00000)
  from space 18432K, 99% used [0x00000007a4a00000,0x00000007a5bf9940,0x00000007a5c00000)
  to   space 23552K, 0% used [0x00000007a7a00000,0x00000007a7a00000,0x00000007a9100000)
 ParOldGen       total 112128K, used 23397K [0x0000000760000000, 0x0000000766d80000, 0x00000007a0000000)
  object space 112128K, 20% used [0x0000000760000000,0x00000007616d9520,0x0000000766d80000)
 Metaspace       used 52008K, capacity 53024K, committed 53544K, reserved 1095680K
  class space    used 6393K, capacity 6665K, committed 6696K, reserved 1048576K
}
Event: 3605.446 GC heap before
{Heap before GC invocations=13 (full 3):
 PSYoungGen      total 94208K, used 20693K [0x00000007a0000000, 0x00000007a9100000, 0x00000007c0000000)
  eden space 75776K, 3% used [0x00000007a0000000,0x00000007a023bc58,0x00000007a4a00000)
  from space 18432K, 99% used [0x00000007a4a00000,0x00000007a5bf9940,0x00000007a5c00000)
  to   space 23552K, 0% used [0x00000007a7a00000,0x00000007a7a00000,0x00000007a9100000)
 ParOldGen       total 112128K, used 23397K [0x0000000760000000, 0x0000000766d80000, 0x00000007a0000000)
  object space 112128K, 20% used [0x0000000760000000,0x00000007616d9520,0x0000000766d80000)
 Metaspace       used 52012K, capacity 53024K, committed 53544K, reserved 1095680K
  class space    used 6393K, capacity 6665K, committed 6696K, reserved 1048576K
Event: 3605.536 GC heap after
Heap after GC invocations=13 (full 3):
 PSYoungGen      total 123904K, used 17250K [0x00000007a0000000, 0x00000007a9300000, 0x00000007c0000000)
  eden space 100352K, 0% used [0x00000007a0000000,0x00000007a0000000,0x00000007a6200000)
  from space 23552K, 73% used [0x00000007a7a00000,0x00000007a8ad8810,0x00000007a9100000)
  to   space 24576K, 0% used [0x00000007a6200000,0x00000007a6200000,0x00000007a7a00000)
 ParOldGen       total 112128K, used 23405K [0x0000000760000000, 0x0000000766d80000, 0x00000007a0000000)
  object space 112128K, 20% used [0x0000000760000000,0x00000007616db520,0x0000000766d80000)
 Metaspace       used 52012K, capacity 53024K, committed 53544K, reserved 1095680K
  class space    used 6393K, capacity 6665K, committed 6696K, reserved 1048576K
}
Event: 3605.537 GC heap before
{Heap before GC invocations=14 (full 4):
 PSYoungGen      total 123904K, used 17250K [0x00000007a0000000, 0x00000007a9300000, 0x00000007c0000000)
  eden space 100352K, 0% used [0x00000007a0000000,0x00000007a0000000,0x00000007a6200000)
  from space 23552K, 73% used [0x00000007a7a00000,0x00000007a8ad8810,0x00000007a9100000)
  to   space 24576K, 0% used [0x00000007a6200000,0x00000007a6200000,0x00000007a7a00000)
 ParOldGen       total 112128K, used 23405K [0x0000000760000000, 0x0000000766d80000, 0x00000007a0000000)
  object space 112128K, 20% used [0x0000000760000000,0x00000007616db520,0x0000000766d80000)
 Metaspace       used 52012K, capacity 53024K, committed 53544K, reserved 1095680K
  class space    used 6393K, capacity 6665K, committed 6696K, reserved 1048576K
Event: 3606.175 GC heap after
Heap after GC invocations=14 (full 4):
 PSYoungGen      total 123904K, used 0K [0x00000007a0000000, 0x00000007a9300000, 0x00000007c0000000)
  eden space 100352K, 0% used [0x00000007a0000000,0x00000007a0000000,0x00000007a6200000)
  from space 23552K, 0% used [0x00000007a7a00000,0x00000007a7a00000,0x00000007a9100000)
  to   space 24576K, 0% used [0x00000007a6200000,0x00000007a6200000,0x00000007a7a00000)
 ParOldGen       total 112128K, used 12519K [0x0000000760000000, 0x0000000766d80000, 0x00000007a0000000)
  object space 112128K, 11% used [0x0000000760000000,0x0000000760c39de0,0x0000000766d80000)
 Metaspace       used 51553K, capacity 52408K, committed 53544K, reserved 1095680K
  class space    used 6326K, capacity 6553K, committed 6696K, reserved 1048576K
}

Deoptimization events (10 events):
Event: 9.134 Thread 0x00007f8cb116a800 Uncommon trap: reason=unstable_if action=reinterpret pc=0x0000000113e27118 method=org.jetbrains.kotlin.protobuf.GeneratedMessageLite$ExtendableMessage$ExtensionWriter.writeUntil(ILorg/jetbrains/kotlin/protobuf/CodedOutputStream;)V @ 109
Event: 9.135 Thread 0x00007f8cb116a800 Uncommon trap: reason=unstable_if action=reinterpret pc=0x0000000113a5a7f4 method=org.jetbrains.kotlin.protobuf.ByteString.copyTo([BIII)V @ 210
Event: 9.135 Thread 0x00007f8cb116a800 Uncommon trap: reason=unstable_if action=reinterpret pc=0x0000000113a5b3d8 method=org.jetbrains.kotlin.protobuf.ByteString.copyTo([BIII)V @ 210
Event: 9.135 Thread 0x00007f8cb116a800 Uncommon trap: reason=unstable_if action=reinterpret pc=0x0000000113a5ade0 method=org.jetbrains.kotlin.protobuf.ByteString.copyTo([BIII)V @ 210
Event: 6267.735 Thread 0x00007f8cb3e09800 Uncommon trap: reason=class_check action=maybe_recompile pc=0x0000000113264afc method=java.lang.String.equals(Ljava/lang/Object;)Z @ 8
Event: 6267.789 Thread 0x00007f8cb3e09800 Uncommon trap: reason=unstable_if action=reinterpret pc=0x0000000113ad2c2c method=java.util.concurrent.locks.ReentrantReadWriteLock$Sync.getReadHoldCount()I @ 4
Event: 6267.867 Thread 0x00007f8cb203e800 Uncommon trap: reason=unstable_if action=reinterpret pc=0x0000000113e2fa04 method=org.jetbrains.kotlin.daemon.CompileServiceImpl$SessionsContainer.cleanDead()Z @ 57
Event: 6267.873 Thread 0x00007f8cb203e800 Uncommon trap: reason=unstable_if action=reinterpret pc=0x0000000113912fb4 method=java.util.concurrent.locks.ReentrantReadWriteLock$Sync.getReadHoldCount()I @ 18
Event: 6267.892 Thread 0x00007f8cb3e09800 Uncommon trap: reason=null_check action=make_not_entrant pc=0x00000001142000c8 method=java.lang.StringCoding.encode(Ljava/lang/String;[CII)[B @ 6
Event: 6267.983 Thread 0x00007f8cb3e09800 Uncommon trap: reason=unstable_if action=reinterpret pc=0x00000001134f97f0 method=kotlin.reflect.jvm.internal.impl.protobuf.CodedInputStream.readRawByte()B @ 8

Classes redefined (0 events):
No events

Internal exceptions (10 events):
Event: 9.133 Thread 0x00007f8cb116a800 Exception <a 'sun/nio/fs/UnixException'> (0x00000007a401be38) thrown at [/Volumes/android/AOSP-openjdk-git/jdk8u/hotspot/src/share/vm/prims/jni.cpp, line 709]
Event: 9.134 Thread 0x00007f8cb116a800 Exception <a 'java/io/FileNotFoundException'> (0x00000007a401da90) thrown at [/Volumes/android/AOSP-openjdk-git/jdk8u/hotspot/src/share/vm/prims/jni.cpp, line 709]
Event: 9.134 Thread 0x00007f8cb116a800 Exception <a 'java/io/FileNotFoundException'> (0x00000007a401f768) thrown at [/Volumes/android/AOSP-openjdk-git/jdk8u/hotspot/src/share/vm/prims/jni.cpp, line 709]
Event: 6267.684 Thread 0x00007f8cb313d000 Exception <a 'java/lang/NoSuchMethodError': <clinit>> (0x00000007a05af768) thrown at [/Volumes/android/AOSP-openjdk-git/jdk8u/hotspot/src/share/vm/prims/jni.cpp, line 1613]
Event: 6267.745 Thread 0x00007f8cb3e09800 Exception <a 'java/lang/NoSuchMethodError': <clinit>> (0x00000007a0626570) thrown at [/Volumes/android/AOSP-openjdk-git/jdk8u/hotspot/src/share/vm/prims/jni.cpp, line 1613]
Event: 6267.745 Thread 0x00007f8cb3e09800 Exception <a 'java/lang/NoSuchMethodError': <clinit>> (0x00000007a0628228) thrown at [/Volumes/android/AOSP-openjdk-git/jdk8u/hotspot/src/share/vm/prims/jni.cpp, line 1613]
Event: 6267.749 Thread 0x00007f8cb3e09800 Exception <a 'java/lang/NoSuchMethodError': <clinit>> (0x00000007a06329c0) thrown at [/Volumes/android/AOSP-openjdk-git/jdk8u/hotspot/src/share/vm/prims/jni.cpp, line 1613]
Event: 6267.795 Thread 0x00007f8cb3e09800 Exception <a 'java/lang/NoSuchMethodError': <clinit>> (0x00000007a0658498) thrown at [/Volumes/android/AOSP-openjdk-git/jdk8u/hotspot/src/share/vm/prims/jni.cpp, line 1613]
Event: 6267.856 Thread 0x00007f8cb4812800 Exception <a 'java/lang/InterruptedException'> (0x00000007a0824790) thrown at [/Volumes/android/AOSP-openjdk-git/jdk8u/hotspot/src/share/vm/runtime/objectMonitor.cpp, line 1684]
Event: 6267.892 Thread 0x00007f8cb3e09800 Implicit null exception at 0x00000001141ff9f2 to 0x00000001142000b1

Events (10 events):
Event: 6267.873 Thread 0x00007f8cb203e800 DEOPT PACKING pc=0x0000000113912fb4 sp=0x00007000095ea840
Event: 6267.876 Thread 0x00007f8cb203e800 DEOPT UNPACKING pc=0x000000011310447a sp=0x00007000095ea6b8 mode 2
Event: 6267.892 Thread 0x00007f8cb3e09800 Uncommon trap: trap_request=0xfffffff4 fr.pc=0x00000001142000c8
Event: 6267.893 Thread 0x00007f8cb3e09800 DEOPT PACKING pc=0x00000001142000c8 sp=0x00007000096eb2e0
Event: 6267.893 Thread 0x00007f8cb3e09800 DEOPT UNPACKING pc=0x000000011310447a sp=0x00007000096eb2b0 mode 2
Event: 6267.983 Thread 0x00007f8cb3e09800 Uncommon trap: trap_request=0xffffff65 fr.pc=0x00000001134f97f0
Event: 6267.983 Thread 0x00007f8cb3e09800 DEOPT PACKING pc=0x00000001134f97f0 sp=0x00007000096e9780
Event: 6267.983 Thread 0x00007f8cb3e09800 DEOPT UNPACKING pc=0x000000011310447a sp=0x00007000096e95f8 mode 2
Event: 6268.070 Executing VM operation: BulkRevokeBias
Event: 6268.071 Executing VM operation: BulkRevokeBias done


Dynamic libraries:
0x000000002f246000 	/System/Library/Frameworks/Cocoa.framework/Versions/A/Cocoa
0x000000002f246000 	/System/Library/Frameworks/Security.framework/Versions/A/Security
0x000000002f246000 	/System/Library/Frameworks/ApplicationServices.framework/Versions/A/ApplicationServices
0x000000002f246000 	/usr/lib/libz.1.dylib
0x000000002f246000 	/usr/lib/libSystem.B.dylib
0x000000002f246000 	/System/Library/Frameworks/CoreFoundation.framework/Versions/A/CoreFoundation
0x000000002f246000 	/System/Library/Frameworks/Foundation.framework/Versions/C/Foundation
0x000000002f246000 	/usr/lib/libobjc.A.dylib
0x000000002f246000 	/System/Library/Frameworks/AppKit.framework/Versions/C/AppKit
0x000000002f246000 	/System/Library/Frameworks/CoreData.framework/Versions/A/CoreData
0x000000002f246000 	/System/Library/PrivateFrameworks/RemoteViewServices.framework/Versions/A/RemoteViewServices
0x000000002f246000 	/System/Library/PrivateFrameworks/UIFoundation.framework/Versions/A/UIFoundation
0x000000002f246000 	/System/Library/PrivateFrameworks/DFRFoundation.framework/Versions/A/DFRFoundation
0x000000002f246000 	/System/Library/Frameworks/Metal.framework/Versions/A/Metal
0x000000002f246000 	/System/Library/PrivateFrameworks/DesktopServicesPriv.framework/Versions/A/DesktopServicesPriv
0x000000002f246000 	/usr/lib/libenergytrace.dylib
0x000000002f246000 	/System/Library/PrivateFrameworks/SkyLight.framework/Versions/A/SkyLight
0x000000002f246000 	/System/Library/Frameworks/CoreGraphics.framework/Versions/A/CoreGraphics
0x000000002f246000 	/usr/lib/libScreenReader.dylib
0x000000002f246000 	/System/Library/Frameworks/Accelerate.framework/Versions/A/Accelerate
0x000000002f246000 	/System/Library/Frameworks/IOSurface.framework/Versions/A/IOSurface
0x000000002f246000 	/System/Library/Frameworks/AudioToolbox.framework/Versions/A/AudioToolbox
0x000000002f246000 	/System/Library/Frameworks/AudioUnit.framework/Versions/A/AudioUnit
0x000000002f246000 	/System/Library/PrivateFrameworks/DataDetectorsCore.framework/Versions/A/DataDetectorsCore
0x000000002f246000 	/System/Library/Frameworks/Carbon.framework/Versions/A/Frameworks/HIToolbox.framework/Versions/A/HIToolbox
0x000000002f246000 	/usr/lib/libicucore.A.dylib
0x000000002f246000 	/System/Library/Frameworks/QuartzCore.framework/Versions/A/QuartzCore
0x000000002f246000 	/System/Library/Frameworks/Carbon.framework/Versions/A/Frameworks/SpeechRecognition.framework/Versions/A/SpeechRecognition
0x000000002f246000 	/usr/lib/libauto.dylib
0x000000002f246000 	/usr/lib/libxml2.2.dylib
0x000000002f246000 	/System/Library/PrivateFrameworks/CoreUI.framework/Versions/A/CoreUI
0x000000002f246000 	/System/Library/Frameworks/CoreAudio.framework/Versions/A/CoreAudio
0x000000002f246000 	/System/Library/Frameworks/DiskArbitration.framework/Versions/A/DiskArbitration
0x000000002f246000 	/usr/lib/liblangid.dylib
0x000000002f246000 	/System/Library/PrivateFrameworks/MultitouchSupport.framework/Versions/A/MultitouchSupport
0x000000002f246000 	/System/Library/Frameworks/IOKit.framework/Versions/A/IOKit
0x000000002f246000 	/usr/lib/libDiagnosticMessagesClient.dylib
0x000000002f246000 	/System/Library/Frameworks/CoreServices.framework/Versions/A/CoreServices
0x000000002f246000 	/System/Library/PrivateFrameworks/PerformanceAnalysis.framework/Versions/A/PerformanceAnalysis
0x000000002f246000 	/System/Library/Frameworks/OpenGL.framework/Versions/A/OpenGL
0x000000002f246000 	/System/Library/Frameworks/ColorSync.framework/Versions/A/ColorSync
0x000000002f246000 	/System/Library/Frameworks/CoreImage.framework/Versions/A/CoreImage
0x000000002f246000 	/System/Library/Frameworks/CoreText.framework/Versions/A/CoreText
0x000000002f246000 	/System/Library/Frameworks/ImageIO.framework/Versions/A/ImageIO
0x000000002f246000 	/System/Library/PrivateFrameworks/Backup.framework/Versions/A/Backup
0x000000002f246000 	/usr/lib/libarchive.2.dylib
0x000000002f246000 	/System/Library/Frameworks/CFNetwork.framework/Versions/A/CFNetwork
0x000000002f246000 	/System/Library/Frameworks/SystemConfiguration.framework/Versions/A/SystemConfiguration
0x000000002f246000 	/usr/lib/libCRFSuite.dylib
0x000000002f246000 	/usr/lib/libc++.1.dylib
0x000000002f246000 	/usr/lib/libc++abi.dylib
0x000000002f246000 	/usr/lib/system/libcache.dylib
0x000000002f246000 	/usr/lib/system/libcommonCrypto.dylib
0x000000002f246000 	/usr/lib/system/libcompiler_rt.dylib
0x000000002f246000 	/usr/lib/system/libcopyfile.dylib
0x000000002f246000 	/usr/lib/system/libcorecrypto.dylib
0x000000002f246000 	/usr/lib/system/libdispatch.dylib
0x000000002f246000 	/usr/lib/system/libdyld.dylib
0x000000002f246000 	/usr/lib/system/libkeymgr.dylib
0x000000002f246000 	/usr/lib/system/liblaunch.dylib
0x000000002f246000 	/usr/lib/system/libmacho.dylib
0x000000002f246000 	/usr/lib/system/libquarantine.dylib
0x000000002f246000 	/usr/lib/system/libremovefile.dylib
0x000000002f246000 	/usr/lib/system/libsystem_asl.dylib
0x000000002f246000 	/usr/lib/system/libsystem_blocks.dylib
0x000000002f246000 	/usr/lib/system/libsystem_c.dylib
0x000000002f246000 	/usr/lib/system/libsystem_configuration.dylib
0x000000002f246000 	/usr/lib/system/libsystem_coreservices.dylib
0x000000002f246000 	/usr/lib/system/libsystem_darwin.dylib
0x000000002f246000 	/usr/lib/system/libsystem_dnssd.dylib
0x000000002f246000 	/usr/lib/system/libsystem_info.dylib
0x000000002f246000 	/usr/lib/system/libsystem_m.dylib
0x000000002f246000 	/usr/lib/system/libsystem_malloc.dylib
0x000000002f246000 	/usr/lib/system/libsystem_network.dylib
0x000000002f246000 	/usr/lib/system/libsystem_networkextension.dylib
0x000000002f246000 	/usr/lib/system/libsystem_notify.dylib
0x000000002f246000 	/usr/lib/system/libsystem_sandbox.dylib
0x000000002f246000 	/usr/lib/system/libsystem_secinit.dylib
0x000000002f246000 	/usr/lib/system/libsystem_kernel.dylib
0x000000002f246000 	/usr/lib/system/libsystem_platform.dylib
0x000000002f246000 	/usr/lib/system/libsystem_pthread.dylib
0x000000002f246000 	/usr/lib/system/libsystem_symptoms.dylib
0x000000002f246000 	/usr/lib/system/libsystem_trace.dylib
0x000000002f246000 	/usr/lib/system/libunwind.dylib
0x000000002f246000 	/usr/lib/system/libxpc.dylib
0x000000002f246000 	/usr/lib/closure/libclosured.dylib
0x000000002f246000 	/usr/lib/libbsm.0.dylib
0x000000002f246000 	/usr/lib/system/libkxld.dylib
0x000000002f246000 	/usr/lib/libOpenScriptingUtil.dylib
0x000000002f246000 	/usr/lib/libcoretls.dylib
0x000000002f246000 	/usr/lib/libcoretls_cfhelpers.dylib
0x000000002f246000 	/usr/lib/libpam.2.dylib
0x000000002f246000 	/usr/lib/libsqlite3.dylib
0x000000002f246000 	/usr/lib/libxar.1.dylib
0x000000002f246000 	/usr/lib/libbz2.1.0.dylib
0x000000002f246000 	/usr/lib/liblzma.5.dylib
0x000000002f246000 	/usr/lib/libnetwork.dylib
0x000000002f246000 	/usr/lib/libapple_nghttp2.dylib
0x000000002f246000 	/usr/lib/libpcap.A.dylib
0x000000002f246000 	/usr/lib/libboringssl.dylib
0x000000002f246000 	/usr/lib/libusrtcp.dylib
0x000000002f246000 	/usr/lib/libapple_crypto.dylib
0x000000002f246000 	/System/Library/Frameworks/CoreServices.framework/Versions/A/Frameworks/FSEvents.framework/Versions/A/FSEvents
0x000000002f246000 	/System/Library/Frameworks/CoreServices.framework/Versions/A/Frameworks/CarbonCore.framework/Versions/A/CarbonCore
0x000000002f246000 	/System/Library/Frameworks/CoreServices.framework/Versions/A/Frameworks/Metadata.framework/Versions/A/Metadata
0x000000002f246000 	/System/Library/Frameworks/CoreServices.framework/Versions/A/Frameworks/OSServices.framework/Versions/A/OSServices
0x000000002f246000 	/System/Library/Frameworks/CoreServices.framework/Versions/A/Frameworks/SearchKit.framework/Versions/A/SearchKit
0x000000002f246000 	/System/Library/Frameworks/CoreServices.framework/Versions/A/Frameworks/AE.framework/Versions/A/AE
0x000000002f246000 	/System/Library/Frameworks/CoreServices.framework/Versions/A/Frameworks/LaunchServices.framework/Versions/A/LaunchServices
0x000000002f246000 	/System/Library/Frameworks/CoreServices.framework/Versions/A/Frameworks/DictionaryServices.framework/Versions/A/DictionaryServices
0x000000002f246000 	/System/Library/Frameworks/CoreServices.framework/Versions/A/Frameworks/SharedFileList.framework/Versions/A/SharedFileList
0x000000002f246000 	/System/Library/Frameworks/NetFS.framework/Versions/A/NetFS
0x000000002f246000 	/System/Library/PrivateFrameworks/NetAuth.framework/Versions/A/NetAuth
0x000000002f246000 	/System/Library/PrivateFrameworks/login.framework/Versions/A/Frameworks/loginsupport.framework/Versions/A/loginsupport
0x000000002f246000 	/System/Library/PrivateFrameworks/TCC.framework/Versions/A/TCC
0x000000002f246000 	/usr/lib/libmecabra.dylib
0x000000002f246000 	/System/Library/Frameworks/ApplicationServices.framework/Versions/A/Frameworks/ATS.framework/Versions/A/ATS
0x000000002f246000 	/System/Library/Frameworks/ApplicationServices.framework/Versions/A/Frameworks/ColorSyncLegacy.framework/Versions/A/ColorSyncLegacy
0x000000002f246000 	/System/Library/Frameworks/ApplicationServices.framework/Versions/A/Frameworks/HIServices.framework/Versions/A/HIServices
0x000000002f246000 	/System/Library/Frameworks/ApplicationServices.framework/Versions/A/Frameworks/LangAnalysis.framework/Versions/A/LangAnalysis
0x000000002f246000 	/System/Library/Frameworks/ApplicationServices.framework/Versions/A/Frameworks/PrintCore.framework/Versions/A/PrintCore
0x000000002f246000 	/System/Library/Frameworks/ApplicationServices.framework/Versions/A/Frameworks/QD.framework/Versions/A/QD
0x000000002f246000 	/System/Library/Frameworks/ApplicationServices.framework/Versions/A/Frameworks/SpeechSynthesis.framework/Versions/A/SpeechSynthesis
0x000000002f246000 	/System/Library/Frameworks/CoreDisplay.framework/Versions/A/CoreDisplay
0x000000002f246000 	/System/Library/Frameworks/Accelerate.framework/Versions/A/Frameworks/vImage.framework/Versions/A/vImage
0x000000002f246000 	/System/Library/Frameworks/Accelerate.framework/Versions/A/Frameworks/vecLib.framework/Versions/A/vecLib
0x000000002f246000 	/System/Library/Frameworks/Accelerate.framework/Versions/A/Frameworks/vecLib.framework/Versions/A/libvDSP.dylib
0x000000002f246000 	/System/Library/Frameworks/Accelerate.framework/Versions/A/Frameworks/vecLib.framework/Versions/A/libBNNS.dylib
0x000000002f246000 	/System/Library/Frameworks/Accelerate.framework/Versions/A/Frameworks/vecLib.framework/Versions/A/libQuadrature.dylib
0x000000002f246000 	/System/Library/Frameworks/Accelerate.framework/Versions/A/Frameworks/vecLib.framework/Versions/A/libvMisc.dylib
0x000000002f246000 	/System/Library/Frameworks/Accelerate.framework/Versions/A/Frameworks/vecLib.framework/Versions/A/libLAPACK.dylib
0x000000002f246000 	/System/Library/Frameworks/Accelerate.framework/Versions/A/Frameworks/vecLib.framework/Versions/A/libBLAS.dylib
0x000000002f246000 	/System/Library/Frameworks/Accelerate.framework/Versions/A/Frameworks/vecLib.framework/Versions/A/libLinearAlgebra.dylib
0x000000002f246000 	/System/Library/Frameworks/Accelerate.framework/Versions/A/Frameworks/vecLib.framework/Versions/A/libSparse.dylib
0x000000002f246000 	/System/Library/Frameworks/Accelerate.framework/Versions/A/Frameworks/vecLib.framework/Versions/A/libSparseBLAS.dylib
0x000000002f246000 	/System/Library/PrivateFrameworks/IOAccelerator.framework/Versions/A/IOAccelerator
0x000000002f246000 	/System/Library/PrivateFrameworks/IOPresentment.framework/Versions/A/IOPresentment
0x000000002f246000 	/System/Library/PrivateFrameworks/DSExternalDisplay.framework/Versions/A/DSExternalDisplay
0x000000002f246000 	/System/Library/Frameworks/OpenGL.framework/Versions/A/Libraries/libCoreFSCache.dylib
0x000000002f246000 	/System/Library/Frameworks/CoreVideo.framework/Versions/A/CoreVideo
0x000000002f246000 	/System/Library/PrivateFrameworks/GraphVisualizer.framework/Versions/A/GraphVisualizer
0x000000002f246000 	/System/Library/Frameworks/MetalPerformanceShaders.framework/Versions/A/MetalPerformanceShaders
0x000000002f246000 	/usr/lib/libFosl_dynamic.dylib
0x000000002f246000 	/System/Library/PrivateFrameworks/FaceCore.framework/Versions/A/FaceCore
0x000000002f246000 	/System/Library/Frameworks/OpenCL.framework/Versions/A/OpenCL
0x000000002f246000 	/usr/lib/libcompression.dylib
0x000000002f246000 	/System/Library/Frameworks/ApplicationServices.framework/Versions/A/Frameworks/ATS.framework/Versions/A/Resources/libFontParser.dylib
0x000000002f246000 	/System/Library/Frameworks/ApplicationServices.framework/Versions/A/Frameworks/ATS.framework/Versions/A/Resources/libFontRegistry.dylib
0x000000002f246000 	/System/Library/Frameworks/ImageIO.framework/Versions/A/Resources/libJPEG.dylib
0x000000002f246000 	/System/Library/Frameworks/ImageIO.framework/Versions/A/Resources/libTIFF.dylib
0x000000002f246000 	/System/Library/Frameworks/ImageIO.framework/Versions/A/Resources/libPng.dylib
0x000000002f246000 	/System/Library/Frameworks/ImageIO.framework/Versions/A/Resources/libGIF.dylib
0x000000002f246000 	/System/Library/Frameworks/ImageIO.framework/Versions/A/Resources/libJP2.dylib
0x000000002f246000 	/System/Library/Frameworks/ImageIO.framework/Versions/A/Resources/libRadiance.dylib
0x000000002f246000 	/System/Library/PrivateFrameworks/AppleJPEG.framework/Versions/A/AppleJPEG
0x000000002f246000 	/System/Library/PrivateFrameworks/MetalTools.framework/Versions/A/MetalTools
0x000000002f246000 	/System/Library/Frameworks/MetalPerformanceShaders.framework/Frameworks/MPSCore.framework/Versions/A/MPSCore
0x000000002f246000 	/System/Library/Frameworks/MetalPerformanceShaders.framework/Frameworks/MPSImage.framework/Versions/A/MPSImage
0x000000002f246000 	/System/Library/Frameworks/MetalPerformanceShaders.framework/Frameworks/MPSMatrix.framework/Versions/A/MPSMatrix
0x000000002f246000 	/System/Library/Frameworks/MetalPerformanceShaders.framework/Frameworks/MPSNeuralNetwork.framework/Versions/A/MPSNeuralNetwork
0x000000002f246000 	/System/Library/Frameworks/OpenGL.framework/Versions/A/Libraries/libGLU.dylib
0x000000002f246000 	/System/Library/Frameworks/OpenGL.framework/Versions/A/Libraries/libGFXShared.dylib
0x000000002f246000 	/System/Library/Frameworks/OpenGL.framework/Versions/A/Libraries/libGL.dylib
0x000000002f246000 	/System/Library/Frameworks/OpenGL.framework/Versions/A/Libraries/libGLImage.dylib
0x000000002f246000 	/System/Library/Frameworks/OpenGL.framework/Versions/A/Libraries/libCVMSPluginSupport.dylib
0x000000002f246000 	/System/Library/Frameworks/OpenGL.framework/Versions/A/Libraries/libCoreVMClient.dylib
0x000000002f246000 	/usr/lib/libcups.2.dylib
0x000000002f246000 	/System/Library/Frameworks/Kerberos.framework/Versions/A/Kerberos
0x000000002f246000 	/System/Library/Frameworks/GSS.framework/Versions/A/GSS
0x000000002f246000 	/usr/lib/libresolv.9.dylib
0x000000002f246000 	/usr/lib/libiconv.2.dylib
0x000000002f246000 	/System/Library/PrivateFrameworks/Heimdal.framework/Versions/A/Heimdal
0x000000002f246000 	/usr/lib/libheimdal-asn1.dylib
0x000000002f246000 	/System/Library/Frameworks/OpenDirectory.framework/Versions/A/OpenDirectory
0x000000002f246000 	/System/Library/PrivateFrameworks/CommonAuth.framework/Versions/A/CommonAuth
0x000000002f246000 	/System/Library/Frameworks/OpenDirectory.framework/Versions/A/Frameworks/CFOpenDirectory.framework/Versions/A/CFOpenDirectory
0x000000002f246000 	/System/Library/Frameworks/SecurityFoundation.framework/Versions/A/SecurityFoundation
0x000000002f246000 	/System/Library/PrivateFrameworks/APFS.framework/Versions/A/APFS
0x000000002f246000 	/usr/lib/libutil.dylib
0x000000002f246000 	/System/Library/PrivateFrameworks/AppleSauce.framework/Versions/A/AppleSauce
0x000000002f246000 	/System/Library/PrivateFrameworks/LinguisticData.framework/Versions/A/LinguisticData
0x000000002f246000 	/usr/lib/libmarisa.dylib
0x000000002f246000 	/System/Library/PrivateFrameworks/Lexicon.framework/Versions/A/Lexicon
0x000000002f246000 	/usr/lib/libChineseTokenizer.dylib
0x000000002f246000 	/usr/lib/libcmph.dylib
0x000000002f246000 	/System/Library/PrivateFrameworks/LanguageModeling.framework/Versions/A/LanguageModeling
0x000000002f246000 	/System/Library/PrivateFrameworks/CoreEmoji.framework/Versions/A/CoreEmoji
0x000000002f246000 	/System/Library/Frameworks/ServiceManagement.framework/Versions/A/ServiceManagement
0x000000002f246000 	/System/Library/PrivateFrameworks/BackgroundTaskManagement.framework/Versions/A/BackgroundTaskManagement
0x000000002f246000 	/usr/lib/libxslt.1.dylib
0x000000002f246000 	/System/Library/Frameworks/Carbon.framework/Versions/A/Frameworks/Ink.framework/Versions/A/Ink
0x000000002f246000 	/System/Library/PrivateFrameworks/TextureIO.framework/Versions/A/TextureIO
0x000000002f246000 	/usr/lib/libate.dylib
0x000000002f246000 	/System/Library/PrivateFrameworks/CrashReporterSupport.framework/Versions/A/CrashReporterSupport
0x000000002f246000 	/System/Library/PrivateFrameworks/Sharing.framework/Versions/A/Sharing
0x000000002f246000 	/System/Library/PrivateFrameworks/IconServices.framework/Versions/A/IconServices
0x000000002f246000 	/System/Library/PrivateFrameworks/ProtocolBuffer.framework/Versions/A/ProtocolBuffer
0x000000002f246000 	/System/Library/PrivateFrameworks/Apple80211.framework/Versions/A/Apple80211
0x000000002f246000 	/System/Library/Frameworks/CoreWLAN.framework/Versions/A/CoreWLAN
0x000000002f246000 	/System/Library/PrivateFrameworks/CoreUtils.framework/Versions/A/CoreUtils
0x000000002f246000 	/System/Library/Frameworks/IOBluetooth.framework/Versions/A/IOBluetooth
0x000000002f246000 	/System/Library/PrivateFrameworks/CoreWiFi.framework/Versions/A/CoreWiFi
0x000000002f246000 	/System/Library/Frameworks/CoreBluetooth.framework/Versions/A/CoreBluetooth
0x000000002f246000 	/System/Library/PrivateFrameworks/SignpostNotification.framework/Versions/A/SignpostNotification
0x000000002f246000 	/System/Library/PrivateFrameworks/DebugSymbols.framework/Versions/A/DebugSymbols
0x000000002f246000 	/System/Library/PrivateFrameworks/CoreSymbolication.framework/Versions/A/CoreSymbolication
0x000000002f246000 	/System/Library/PrivateFrameworks/Symbolication.framework/Versions/A/Symbolication
0x000000002f246000 	/System/Library/PrivateFrameworks/AppleFSCompression.framework/Versions/A/AppleFSCompression
0x000000002f246000 	/System/Library/PrivateFrameworks/SpeechRecognitionCore.framework/Versions/A/SpeechRecognitionCore
0x0000000104000000 	/Applications/Android Studio.app/Contents/jre/jdk/Contents/Home/jre/lib/server/libjvm.dylib
0x000000002f246000 	/usr/lib/libstdc++.6.0.9.dylib
0x0000000103790000 	/Applications/Android Studio.app/Contents/jre/jdk/Contents/Home/jre/lib/libverify.dylib
0x000000010379c000 	/Applications/Android Studio.app/Contents/jre/jdk/Contents/Home/jre/lib/libjava.dylib
0x00000001037da000 	/Applications/Android Studio.app/Contents/jre/jdk/Contents/Home/jre/lib/libzip.dylib
0x000000010a433000 	/Applications/Android Studio.app/Contents/jre/jdk/Contents/Home/jre/lib/libmanagement.dylib
0x000000010a43d000 	/Applications/Android Studio.app/Contents/jre/jdk/Contents/Home/jre/lib/libnio.dylib
0x000000010a44d000 	/Applications/Android Studio.app/Contents/jre/jdk/Contents/Home/jre/lib/./libnet.dylib

VM Arguments:
jvm_args: -Djava.awt.headless=true -Djava.rmi.server.hostname=127.0.0.1 -Xmx1536m -Dkotlin.environment.keepalive 
java_command: org.jetbrains.kotlin.daemon.KotlinCompileDaemon --daemon-runFilesPath /Users/priyamanoj/Library/Application Support/kotlin/daemon --daemon-autoshutdownIdleSeconds=7200 --daemon-compilerClasspath /Users/priyamanoj/.gradle/caches/modules-2/files-2.1/org.jetbrains.kotlin/kotlin-compiler-embeddable/1.2.71/a79f934bfbc1c7e16638da3474feab351735f1c0/kotlin-compiler-embeddable-1.2.71.jar:/Users/priyamanoj/.gradle/caches/modules-2/files-2.1/org.jetbrains.kotlin/kotlin-reflect/1.2.71/7512db3b3182753bd2e48ce8d345abbadc40fe6b/kotlin-reflect-1.2.71.jar:/Users/priyamanoj/.gradle/caches/modules-2/files-2.1/org.jetbrains.kotlin/kotlin-stdlib/1.2.71/d9717625bb3c731561251f8dd2c67a1011d6764c/kotlin-stdlib-1.2.71.jar:/Users/priyamanoj/.gradle/caches/modules-2/files-2.1/org.jetbrains.kotlin/kotlin-script-runtime/1.2.71/d5439926359caa899f41e1915b19d6d23e49750b/kotlin-script-runtime-1.2.71.jar:/Users/priyamanoj/.gradle/caches/modules-2/files-2.1/org.jetbrains.kotlin/kotlin-stdlib-common/1.2.71/ba18ca1aa0e40eb6f1865b324af2f4cbb691c1ec/kotlin-stdlib-common-1.2.71.jar:/Users/priyamanoj/.gradle/caches/modules-2/files-2.1/org.jetbrains/annotations/13.0/919f0dfe192fb4e063e7dacadee7f8bb9a2672a9/annotations-13.0.jar:/Applications/Android Studio.app/Contents/jre/jdk/Contents/Home/lib/tools.jar
java_class_path (initial): /Users/priyamanoj/.gradle/caches/modules-2/files-2.1/org.jetbrains.kotlin/kotlin-compiler-embeddable/1.2.71/a79f934bfbc1c7e16638da3474feab351735f1c0/kotlin-compiler-embeddable-1.2.71.jar:/Users/priyamanoj/.gradle/caches/modules-2/files-2.1/org.jetbrains.kotlin/kotlin-reflect/1.2.71/7512db3b3182753bd2e48ce8d345abbadc40fe6b/kotlin-reflect-1.2.71.jar:/Users/priyamanoj/.gradle/caches/modules-2/files-2.1/org.jetbrains.kotlin/kotlin-stdlib/1.2.71/d9717625bb3c731561251f8dd2c67a1011d6764c/kotlin-stdlib-1.2.71.jar:/Users/priyamanoj/.gradle/caches/modules-2/files-2.1/org.jetbrains.kotlin/kotlin-script-runtime/1.2.71/d5439926359caa899f41e1915b19d6d23e49750b/kotlin-script-runtime-1.2.71.jar:/Users/priyamanoj/.gradle/caches/modules-2/files-2.1/org.jetbrains.kotlin/kotlin-stdlib-common/1.2.71/ba18ca1aa0e40eb6f1865b324af2f4cbb691c1ec/kotlin-stdlib-common-1.2.71.jar:/Users/priyamanoj/.gradle/caches/modules-2/files-2.1/org.jetbrains/annotations/13.0/919f0dfe192fb4e063e7dacadee7f8bb9a2672a9/annotations-13.0.jar:/Applications/Android Studio.app/Contents/jre/jdk/Contents/Home/lib/tools.jar
Launcher Type: SUN_STANDARD

Environment Variables:
PATH=/Users/priyamanoj/.rbenv/shims:/usr/local/bin:/usr/bin:/bin:/usr/sbin:/sbin:/usr/local/share/dotnet:/Library/Frameworks/Mono.framework/Versions/Current/Commands
SHELL=/bin/bash

Signal Handlers:
SIGSEGV: [libjvm.dylib+0x570b99], sa_mask[0]=11111111011111110111111111111111, sa_flags=SA_ONSTACK|SA_RESTART|SA_SIGINFO
SIGBUS: [libjvm.dylib+0x570b99], sa_mask[0]=11111111011111110111111111111111, sa_flags=SA_RESTART|SA_SIGINFO
SIGFPE: [libjvm.dylib+0x461f7d], sa_mask[0]=11111111011111110111111111111111, sa_flags=SA_RESTART|SA_SIGINFO
SIGPIPE: [libjvm.dylib+0x461f7d], sa_mask[0]=11111111011111110111111111111111, sa_flags=SA_RESTART|SA_SIGINFO
SIGXFSZ: [libjvm.dylib+0x461f7d], sa_mask[0]=11111111011111110111111111111111, sa_flags=SA_RESTART|SA_SIGINFO
SIGILL: [libjvm.dylib+0x461f7d], sa_mask[0]=11111111011111110111111111111111, sa_flags=SA_RESTART|SA_SIGINFO
SIGUSR1: SIG_DFL, sa_mask[0]=00000000000000000000000000000000, sa_flags=none
SIGUSR2: [libjvm.dylib+0x46288e], sa_mask[0]=00100000000000000000000000000000, sa_flags=SA_RESTART|SA_SIGINFO
SIGHUP: [libjvm.dylib+0x460a77], sa_mask[0]=11111111011111110111111111111111, sa_flags=SA_RESTART|SA_SIGINFO
SIGINT: [libjvm.dylib+0x460a77], sa_mask[0]=11111111011111110111111111111111, sa_flags=SA_RESTART|SA_SIGINFO
SIGTERM: [libjvm.dylib+0x460a77], sa_mask[0]=11111111011111110111111111111111, sa_flags=SA_RESTART|SA_SIGINFO
SIGQUIT: [libjvm.dylib+0x460a77], sa_mask[0]=11111111011111110111111111111111, sa_flags=SA_RESTART|SA_SIGINFO


---------------  S Y S T E M  ---------------

OS:Bsduname:Darwin 17.3.0 Darwin Kernel Version 17.3.0: Thu Nov  9 18:09:22 PST 2017; root:xnu-4570.31.3~1/RELEASE_X86_64 x86_64
rlimit: STACK 8192k, CORE 0k, NPROC 709, NOFILE 10240, AS infinity
load average:3.35 2.95 2.96

CPU:total 4 (initial active 4) (2 cores per cpu, 2 threads per core) family 6 model 61 stepping 4, cmov, cx8, fxsr, mmx, sse, sse2, sse3, ssse3, sse4.1, sse4.2, popcnt, avx, avx2, aes, clmul, erms, 3dnowpref, lzcnt, ht, tsc, tscinvbit, bmi1, bmi2, adx

Memory: 4k page, physical 8388608k(20924k free)

/proc/meminfo:


vm_info: OpenJDK 64-Bit Server VM (25.152-b06) for bsd-amd64 JRE (1.8.0_152-release-1136-b06), built by "builder" with gcc 4.2.1 Compatible Apple LLVM 9.1.0 (clang-902.0.39.2)

time: Fri Oct 19 00:10:43 2018
elapsed time: 6268 seconds (0d 1h 44m 28s)

